{"C:\\Users\\joshu\\Desktop\\VS_CODE\\RevTraining\\project1\\Project1-VenueX\\frontend\\src\\App.tsx": {"path":"C:\\Users\\joshu\\Desktop\\VS_CODE\\RevTraining\\project1\\Project1-VenueX\\frontend\\src\\App.tsx","statementMap":{"0":{"start":{"line":26,"column":0},"end":{"line":26,"column":24}},"1":{"start":{"line":1,"column":0},"end":{"line":1,"column":60}},"2":{"start":{"line":2,"column":0},"end":{"line":2,"column":19}},"3":{"start":{"line":3,"column":0},"end":{"line":3,"column":32}},"4":{"start":{"line":4,"column":0},"end":{"line":4,"column":34}},"5":{"start":{"line":5,"column":0},"end":{"line":5,"column":40}},"6":{"start":{"line":6,"column":0},"end":{"line":6,"column":41}},"7":{"start":{"line":7,"column":0},"end":{"line":7,"column":43}},"8":{"start":{"line":8,"column":0},"end":{"line":8,"column":31}},"9":{"start":{"line":9,"column":0},"end":{"line":9,"column":39}},"10":{"start":{"line":10,"column":0},"end":{"line":10,"column":53}},"11":{"start":{"line":11,"column":0},"end":{"line":11,"column":48}},"12":{"start":{"line":12,"column":0},"end":{"line":12,"column":46}},"13":{"start":{"line":13,"column":0},"end":{"line":13,"column":46}},"14":{"start":{"line":14,"column":0},"end":{"line":14,"column":55}},"15":{"start":{"line":15,"column":0},"end":{"line":15,"column":37}},"16":{"start":{"line":16,"column":0},"end":{"line":16,"column":49}},"17":{"start":{"line":17,"column":0},"end":{"line":17,"column":42}},"18":{"start":{"line":18,"column":0},"end":{"line":18,"column":52}},"19":{"start":{"line":19,"column":0},"end":{"line":19,"column":62}},"20":{"start":{"line":20,"column":0},"end":{"line":20,"column":50}},"21":{"start":{"line":21,"column":0},"end":{"line":21,"column":48}},"22":{"start":{"line":22,"column":0},"end":{"line":22,"column":43}},"23":{"start":{"line":23,"column":0},"end":{"line":23,"column":39}},"24":{"start":{"line":24,"column":0},"end":{"line":24,"column":35}},"25":{"start":{"line":27,"column":2},"end":{"line":57,"column":4}}},"fnMap":{"0":{"name":"App","decl":{"start":{"line":26,"column":24},"end":{"line":26,"column":27}},"loc":{"start":{"line":26,"column":27},"end":{"line":58,"column":1}}}},"branchMap":{},"s":{"0":0,"1":0,"2":0,"3":0,"4":0,"5":0,"6":0,"7":0,"8":0,"9":0,"10":0,"11":0,"12":0,"13":0,"14":0,"15":0,"16":0,"17":0,"18":0,"19":0,"20":0,"21":0,"22":0,"23":0,"24":0,"25":0},"f":{"0":0},"b":{}}
,"C:\\Users\\joshu\\Desktop\\VS_CODE\\RevTraining\\project1\\Project1-VenueX\\frontend\\src\\main.tsx": {"path":"C:\\Users\\joshu\\Desktop\\VS_CODE\\RevTraining\\project1\\Project1-VenueX\\frontend\\src\\main.tsx","statementMap":{"0":{"start":{"line":1,"column":0},"end":{"line":1,"column":34}},"1":{"start":{"line":2,"column":0},"end":{"line":2,"column":45}},"2":{"start":{"line":3,"column":0},"end":{"line":3,"column":20}},"3":{"start":{"line":4,"column":0},"end":{"line":4,"column":23}},"4":{"start":{"line":5,"column":0},"end":{"line":5,"column":48}},"5":{"start":{"line":6,"column":0},"end":{"line":6,"column":49}},"6":{"start":{"line":8,"column":0},"end":{"line":16,"column":null}}},"fnMap":{},"branchMap":{},"s":{"0":0,"1":0,"2":0,"3":0,"4":0,"5":0,"6":0},"f":{},"b":{}}
,"C:\\Users\\joshu\\Desktop\\VS_CODE\\RevTraining\\project1\\Project1-VenueX\\frontend\\src\\admin\\AdminDashboard.tsx": {"path":"C:\\Users\\joshu\\Desktop\\VS_CODE\\RevTraining\\project1\\Project1-VenueX\\frontend\\src\\admin\\AdminDashboard.tsx","statementMap":{"0":{"start":{"line":1,"column":0},"end":{"line":1,"column":44}},"1":{"start":{"line":2,"column":0},"end":{"line":2,"column":38}},"2":{"start":{"line":3,"column":0},"end":{"line":3,"column":49}},"3":{"start":{"line":6,"column":23},"end":{"line":141,"column":1}},"4":{"start":{"line":7,"column":30},"end":{"line":7,"column":50}},"5":{"start":{"line":8,"column":40},"end":{"line":8,"column":52}},"6":{"start":{"line":9,"column":34},"end":{"line":9,"column":48}},"7":{"start":{"line":10,"column":30},"end":{"line":10,"column":59}},"8":{"start":{"line":12,"column":4},"end":{"line":41,"column":21}},"9":{"start":{"line":13,"column":27},"end":{"line":33,"column":9}},"10":{"start":{"line":16,"column":12},"end":{"line":16,"column":52}},"11":{"start":{"line":16,"column":35},"end":{"line":16,"column":52}},"12":{"start":{"line":18,"column":12},"end":{"line":32,"column":13}},"13":{"start":{"line":20,"column":28},"end":{"line":22,"column":36}},"14":{"start":{"line":24,"column":33},"end":{"line":24,"column":51}},"15":{"start":{"line":25,"column":16},"end":{"line":25,"column":40}},"16":{"start":{"line":26,"column":16},"end":{"line":26,"column":31}},"17":{"start":{"line":28,"column":16},"end":{"line":28,"column":57}},"18":{"start":{"line":29,"column":16},"end":{"line":29,"column":81}},"19":{"start":{"line":31,"column":16},"end":{"line":31,"column":34}},"20":{"start":{"line":36,"column":32},"end":{"line":38,"column":15}},"21":{"start":{"line":37,"column":12},"end":{"line":37,"column":25}},"22":{"start":{"line":40,"column":8},"end":{"line":40,"column":51}},"23":{"start":{"line":40,"column":21},"end":{"line":40,"column":50}},"24":{"start":{"line":43,"column":4},"end":{"line":43,"column":139}},"25":{"start":{"line":43,"column":17},"end":{"line":43,"column":139}},"26":{"start":{"line":45,"column":4},"end":{"line":50,"column":6}},"27":{"start":{"line":45,"column":15},"end":{"line":50,"column":6}},"28":{"start":{"line":48,"column":35},"end":{"line":48,"column":59}},"29":{"start":{"line":52,"column":4},"end":{"line":140,"column":6}},"30":{"start":{"line":78,"column":53},"end":{"line":78,"column":82}},"31":{"start":{"line":85,"column":55},"end":{"line":85,"column":72}},"32":{"start":{"line":115,"column":40},"end":{"line":115,"column":55}},"33":{"start":{"line":143,"column":0},"end":{"line":143,"column":30}}},"fnMap":{"0":{"name":"(anonymous_0)","decl":{"start":{"line":6,"column":23},"end":{"line":6,"column":26}},"loc":{"start":{"line":6,"column":28},"end":{"line":141,"column":1}}},"1":{"name":"(anonymous_1)","decl":{"start":{"line":12,"column":14},"end":{"line":12,"column":17}},"loc":{"start":{"line":12,"column":19},"end":{"line":41,"column":5}}},"2":{"name":"(anonymous_2)","decl":{"start":{"line":13,"column":27},"end":{"line":13,"column":32}},"loc":{"start":{"line":13,"column":38},"end":{"line":33,"column":9}}},"3":{"name":"(anonymous_3)","decl":{"start":{"line":36,"column":43},"end":{"line":36,"column":46}},"loc":{"start":{"line":36,"column":48},"end":{"line":38,"column":9}}},"4":{"name":"(anonymous_4)","decl":{"start":{"line":40,"column":15},"end":{"line":40,"column":18}},"loc":{"start":{"line":40,"column":21},"end":{"line":40,"column":50}}},"5":{"name":"(anonymous_5)","decl":{"start":{"line":48,"column":29},"end":{"line":48,"column":32}},"loc":{"start":{"line":48,"column":35},"end":{"line":48,"column":59}}},"6":{"name":"(anonymous_6)","decl":{"start":{"line":78,"column":46},"end":{"line":78,"column":47}},"loc":{"start":{"line":78,"column":53},"end":{"line":78,"column":82}}},"7":{"name":"(anonymous_7)","decl":{"start":{"line":85,"column":49},"end":{"line":85,"column":52}},"loc":{"start":{"line":85,"column":55},"end":{"line":85,"column":72}}},"8":{"name":"(anonymous_8)","decl":{"start":{"line":114,"column":47},"end":{"line":114,"column":48}},"loc":{"start":{"line":115,"column":40},"end":{"line":115,"column":55}}}},"branchMap":{"0":{"loc":{"start":{"line":16,"column":12},"end":{"line":16,"column":52}},"type":"if","locations":[{"start":{"line":16,"column":12},"end":{"line":16,"column":52}},{"start":{},"end":{}}]},"1":{"loc":{"start":{"line":20,"column":28},"end":{"line":22,"column":36}},"type":"cond-expr","locations":[{"start":{"line":21,"column":22},"end":{"line":21,"column":83}},{"start":{"line":22,"column":22},"end":{"line":22,"column":36}}]},"2":{"loc":{"start":{"line":29,"column":25},"end":{"line":29,"column":79}},"type":"binary-expr","locations":[{"start":{"line":29,"column":25},"end":{"line":29,"column":52}},{"start":{"line":29,"column":56},"end":{"line":29,"column":79}}]},"3":{"loc":{"start":{"line":43,"column":4},"end":{"line":43,"column":139}},"type":"if","locations":[{"start":{"line":43,"column":4},"end":{"line":43,"column":139}},{"start":{},"end":{}}]},"4":{"loc":{"start":{"line":45,"column":4},"end":{"line":50,"column":6}},"type":"if","locations":[{"start":{"line":45,"column":4},"end":{"line":50,"column":6}},{"start":{},"end":{}}]},"5":{"loc":{"start":{"line":83,"column":33},"end":{"line":89,"column":null}},"type":"binary-expr","locations":[{"start":{"line":83,"column":33},"end":{"line":83,"column":43}},{"start":{"line":84,"column":36},"end":{"line":88,"column":null}}]},"6":{"loc":{"start":{"line":94,"column":29},"end":{"line":97,"column":null}},"type":"binary-expr","locations":[{"start":{"line":94,"column":29},"end":{"line":94,"column":39}},{"start":{"line":94,"column":43},"end":{"line":94,"column":51}},{"start":{"line":95,"column":32},"end":{"line":96,"column":null}}]},"7":{"loc":{"start":{"line":124,"column":49},"end":{"line":124,"column":99}},"type":"binary-expr","locations":[{"start":{"line":124,"column":49},"end":{"line":124,"column":56}},{"start":{"line":124,"column":60},"end":{"line":124,"column":99}}]}},"s":{"0":0,"1":0,"2":0,"3":0,"4":0,"5":0,"6":0,"7":0,"8":0,"9":0,"10":0,"11":0,"12":0,"13":0,"14":0,"15":0,"16":0,"17":0,"18":0,"19":0,"20":0,"21":0,"22":0,"23":0,"24":0,"25":0,"26":0,"27":0,"28":0,"29":0,"30":0,"31":0,"32":0,"33":0},"f":{"0":0,"1":0,"2":0,"3":0,"4":0,"5":0,"6":0,"7":0,"8":0},"b":{"0":[0,0],"1":[0,0],"2":[0,0],"3":[0,0],"4":[0,0],"5":[0,0],"6":[0,0,0],"7":[0,0]}}
,"C:\\Users\\joshu\\Desktop\\VS_CODE\\RevTraining\\project1\\Project1-VenueX\\frontend\\src\\admin\\AdminProtectedRoute.tsx": {"path":"C:\\Users\\joshu\\Desktop\\VS_CODE\\RevTraining\\project1\\Project1-VenueX\\frontend\\src\\admin\\AdminProtectedRoute.tsx","statementMap":{"0":{"start":{"line":1,"column":0},"end":{"line":1,"column":44}},"1":{"start":{"line":2,"column":0},"end":{"line":2,"column":46}},"2":{"start":{"line":5,"column":28},"end":{"line":17,"column":1}},"3":{"start":{"line":6,"column":33},"end":{"line":6,"column":42}},"4":{"start":{"line":9,"column":20},"end":{"line":9,"column":73}},"5":{"start":{"line":11,"column":4},"end":{"line":14,"column":5}},"6":{"start":{"line":12,"column":8},"end":{"line":12,"column":52}},"7":{"start":{"line":13,"column":8},"end":{"line":13,"column":43}},"8":{"start":{"line":16,"column":4},"end":{"line":16,"column":20}},"9":{"start":{"line":19,"column":0},"end":{"line":19,"column":35}}},"fnMap":{"0":{"name":"(anonymous_0)","decl":{"start":{"line":5,"column":28},"end":{"line":5,"column":29}},"loc":{"start":{"line":5,"column":72},"end":{"line":17,"column":1}}}},"branchMap":{"0":{"loc":{"start":{"line":9,"column":20},"end":{"line":9,"column":73}},"type":"binary-expr","locations":[{"start":{"line":9,"column":20},"end":{"line":9,"column":47}},{"start":{"line":9,"column":51},"end":{"line":9,"column":73}}]},"1":{"loc":{"start":{"line":11,"column":4},"end":{"line":14,"column":5}},"type":"if","locations":[{"start":{"line":11,"column":4},"end":{"line":14,"column":5}},{"start":{},"end":{}}]},"2":{"loc":{"start":{"line":11,"column":8},"end":{"line":11,"column":31}},"type":"binary-expr","locations":[{"start":{"line":11,"column":8},"end":{"line":11,"column":19}},{"start":{"line":11,"column":23},"end":{"line":11,"column":31}}]}},"s":{"0":0,"1":0,"2":0,"3":0,"4":0,"5":0,"6":0,"7":0,"8":0,"9":0},"f":{"0":0},"b":{"0":[0,0],"1":[0,0],"2":[0,0]}}
,"C:\\Users\\joshu\\Desktop\\VS_CODE\\RevTraining\\project1\\Project1-VenueX\\frontend\\src\\api\\auth.api.ts": {"path":"C:\\Users\\joshu\\Desktop\\VS_CODE\\RevTraining\\project1\\Project1-VenueX\\frontend\\src\\api\\auth.api.ts","statementMap":{"0":{"start":{"line":1,"column":0},"end":{"line":1,"column":33}},"1":{"start":{"line":23,"column":28},"end":{"line":43,"column":1}},"2":{"start":{"line":24,"column":4},"end":{"line":42,"column":5}},"3":{"start":{"line":25,"column":25},"end":{"line":25,"column":67}},"4":{"start":{"line":27,"column":21},"end":{"line":27,"column":34}},"5":{"start":{"line":29,"column":8},"end":{"line":37,"column":9}},"6":{"start":{"line":30,"column":12},"end":{"line":30,"column":54}},"7":{"start":{"line":31,"column":12},"end":{"line":31,"column":59}},"8":{"start":{"line":32,"column":12},"end":{"line":32,"column":52}},"9":{"start":{"line":33,"column":12},"end":{"line":33,"column":54}},"10":{"start":{"line":34,"column":12},"end":{"line":34,"column":62}},"11":{"start":{"line":35,"column":12},"end":{"line":35,"column":60}},"12":{"start":{"line":36,"column":12},"end":{"line":36,"column":60}},"13":{"start":{"line":39,"column":8},"end":{"line":39,"column":20}},"14":{"start":{"line":41,"column":8},"end":{"line":41,"column":20}},"15":{"start":{"line":23,"column":13},"end":{"line":23,"column":28}},"16":{"start":{"line":54,"column":25},"end":{"line":75,"column":1}},"17":{"start":{"line":55,"column":4},"end":{"line":74,"column":5}},"18":{"start":{"line":56,"column":25},"end":{"line":56,"column":67}},"19":{"start":{"line":58,"column":21},"end":{"line":58,"column":34}},"20":{"start":{"line":61,"column":8},"end":{"line":69,"column":9}},"21":{"start":{"line":62,"column":12},"end":{"line":62,"column":54}},"22":{"start":{"line":63,"column":12},"end":{"line":63,"column":59}},"23":{"start":{"line":64,"column":12},"end":{"line":64,"column":52}},"24":{"start":{"line":65,"column":12},"end":{"line":65,"column":54}},"25":{"start":{"line":66,"column":12},"end":{"line":66,"column":62}},"26":{"start":{"line":67,"column":12},"end":{"line":67,"column":60}},"27":{"start":{"line":68,"column":12},"end":{"line":68,"column":60}},"28":{"start":{"line":71,"column":8},"end":{"line":71,"column":20}},"29":{"start":{"line":73,"column":8},"end":{"line":73,"column":20}},"30":{"start":{"line":54,"column":13},"end":{"line":54,"column":25}},"31":{"start":{"line":77,"column":26},"end":{"line":85,"column":1}},"32":{"start":{"line":78,"column":4},"end":{"line":78,"column":37}},"33":{"start":{"line":79,"column":4},"end":{"line":79,"column":34}},"34":{"start":{"line":80,"column":4},"end":{"line":80,"column":36}},"35":{"start":{"line":81,"column":4},"end":{"line":81,"column":37}},"36":{"start":{"line":82,"column":4},"end":{"line":82,"column":41}},"37":{"start":{"line":83,"column":4},"end":{"line":83,"column":40}},"38":{"start":{"line":84,"column":4},"end":{"line":84,"column":37}},"39":{"start":{"line":77,"column":13},"end":{"line":77,"column":26}},"40":{"start":{"line":87,"column":26},"end":{"line":91,"column":1}},"41":{"start":{"line":89,"column":21},"end":{"line":89,"column":55}},"42":{"start":{"line":90,"column":4},"end":{"line":90,"column":25}},"43":{"start":{"line":87,"column":13},"end":{"line":87,"column":26}}},"fnMap":{"0":{"name":"(anonymous_0)","decl":{"start":{"line":23,"column":28},"end":{"line":23,"column":33}},"loc":{"start":{"line":23,"column":84},"end":{"line":43,"column":1}}},"1":{"name":"(anonymous_1)","decl":{"start":{"line":54,"column":25},"end":{"line":54,"column":30}},"loc":{"start":{"line":54,"column":81},"end":{"line":75,"column":1}}},"2":{"name":"(anonymous_2)","decl":{"start":{"line":77,"column":26},"end":{"line":77,"column":29}},"loc":{"start":{"line":77,"column":31},"end":{"line":85,"column":1}}},"3":{"name":"(anonymous_3)","decl":{"start":{"line":87,"column":26},"end":{"line":87,"column":31}},"loc":{"start":{"line":87,"column":58},"end":{"line":91,"column":1}}}},"branchMap":{"0":{"loc":{"start":{"line":29,"column":8},"end":{"line":37,"column":9}},"type":"if","locations":[{"start":{"line":29,"column":8},"end":{"line":37,"column":9}},{"start":{},"end":{}}]},"1":{"loc":{"start":{"line":36,"column":42},"end":{"line":36,"column":58}},"type":"binary-expr","locations":[{"start":{"line":36,"column":42},"end":{"line":36,"column":52}},{"start":{"line":36,"column":56},"end":{"line":36,"column":58}}]},"2":{"loc":{"start":{"line":61,"column":8},"end":{"line":69,"column":9}},"type":"if","locations":[{"start":{"line":61,"column":8},"end":{"line":69,"column":9}},{"start":{},"end":{}}]},"3":{"loc":{"start":{"line":68,"column":42},"end":{"line":68,"column":58}},"type":"binary-expr","locations":[{"start":{"line":68,"column":42},"end":{"line":68,"column":52}},{"start":{"line":68,"column":56},"end":{"line":68,"column":58}}]}},"s":{"0":0,"1":0,"2":0,"3":0,"4":0,"5":0,"6":0,"7":0,"8":0,"9":0,"10":0,"11":0,"12":0,"13":0,"14":0,"15":0,"16":0,"17":0,"18":0,"19":0,"20":0,"21":0,"22":0,"23":0,"24":0,"25":0,"26":0,"27":0,"28":0,"29":0,"30":0,"31":0,"32":0,"33":0,"34":0,"35":0,"36":0,"37":0,"38":0,"39":0,"40":0,"41":0,"42":0,"43":0},"f":{"0":0,"1":0,"2":0,"3":0},"b":{"0":[0,0],"1":[0,0],"2":[0,0],"3":[0,0]}}
,"C:\\Users\\joshu\\Desktop\\VS_CODE\\RevTraining\\project1\\Project1-VenueX\\frontend\\src\\api\\axios.config.ts": {"path":"C:\\Users\\joshu\\Desktop\\VS_CODE\\RevTraining\\project1\\Project1-VenueX\\frontend\\src\\api\\axios.config.ts","statementMap":{"0":{"start":{"line":1,"column":0},"end":{"line":1,"column":26}},"1":{"start":{"line":3,"column":12},"end":{"line":5,"column":2}},"2":{"start":{"line":8,"column":0},"end":{"line":15,"column":3}},"3":{"start":{"line":9,"column":16},"end":{"line":9,"column":45}},"4":{"start":{"line":10,"column":2},"end":{"line":13,"column":3}},"5":{"start":{"line":11,"column":4},"end":{"line":11,"column":42}},"6":{"start":{"line":12,"column":4},"end":{"line":12,"column":53}},"7":{"start":{"line":14,"column":2},"end":{"line":14,"column":16}},"8":{"start":{"line":18,"column":0},"end":{"line":28,"column":2}},"9":{"start":{"line":19,"column":16},"end":{"line":19,"column":24}},"10":{"start":{"line":21,"column":4},"end":{"line":25,"column":5}},"11":{"start":{"line":23,"column":6},"end":{"line":23,"column":39}},"12":{"start":{"line":24,"column":6},"end":{"line":24,"column":38}},"13":{"start":{"line":26,"column":4},"end":{"line":26,"column":33}},"14":{"start":{"line":30,"column":0},"end":{"line":30,"column":19}}},"fnMap":{"0":{"name":"(anonymous_0)","decl":{"start":{"line":8,"column":29},"end":{"line":8,"column":30}},"loc":{"start":{"line":8,"column":40},"end":{"line":15,"column":1}}},"1":{"name":"(anonymous_1)","decl":{"start":{"line":19,"column":2},"end":{"line":19,"column":3}},"loc":{"start":{"line":19,"column":16},"end":{"line":19,"column":24}}},"2":{"name":"(anonymous_2)","decl":{"start":{"line":20,"column":2},"end":{"line":20,"column":3}},"loc":{"start":{"line":20,"column":12},"end":{"line":27,"column":3}}}},"branchMap":{"0":{"loc":{"start":{"line":4,"column":11},"end":{"line":4,"column":75}},"type":"binary-expr","locations":[{"start":{"line":4,"column":11},"end":{"line":4,"column":44}},{"start":{"line":4,"column":48},"end":{"line":4,"column":75}}]},"1":{"loc":{"start":{"line":10,"column":2},"end":{"line":13,"column":3}},"type":"if","locations":[{"start":{"line":10,"column":2},"end":{"line":13,"column":3}},{"start":{},"end":{}}]},"2":{"loc":{"start":{"line":11,"column":21},"end":{"line":11,"column":41}},"type":"binary-expr","locations":[{"start":{"line":11,"column":21},"end":{"line":11,"column":35}},{"start":{"line":11,"column":39},"end":{"line":11,"column":41}}]},"3":{"loc":{"start":{"line":21,"column":4},"end":{"line":25,"column":5}},"type":"if","locations":[{"start":{"line":21,"column":4},"end":{"line":25,"column":5}},{"start":{},"end":{}}]},"4":{"loc":{"start":{"line":21,"column":8},"end":{"line":21,"column":55}},"type":"binary-expr","locations":[{"start":{"line":21,"column":8},"end":{"line":21,"column":22}},{"start":{"line":21,"column":26},"end":{"line":21,"column":55}}]}},"s":{"0":0,"1":0,"2":0,"3":0,"4":0,"5":0,"6":0,"7":0,"8":0,"9":0,"10":0,"11":0,"12":0,"13":0,"14":0},"f":{"0":0,"1":0,"2":0},"b":{"0":[0,0],"1":[0,0],"2":[0,0],"3":[0,0],"4":[0,0]}}
,"C:\\Users\\joshu\\Desktop\\VS_CODE\\RevTraining\\project1\\Project1-VenueX\\frontend\\src\\api\\axios.ts": {"path":"C:\\Users\\joshu\\Desktop\\VS_CODE\\RevTraining\\project1\\Project1-VenueX\\frontend\\src\\api\\axios.ts","statementMap":{"0":{"start":{"line":1,"column":0},"end":{"line":1,"column":26}},"1":{"start":{"line":3,"column":29},"end":{"line":6,"column":1}},"2":{"start":{"line":4,"column":19},"end":{"line":4,"column":53}},"3":{"start":{"line":5,"column":2},"end":{"line":5,"column":23}},"4":{"start":{"line":3,"column":13},"end":{"line":3,"column":29}},"5":{"start":{"line":8,"column":12},"end":{"line":10,"column":2}},"6":{"start":{"line":12,"column":0},"end":{"line":20,"column":3}},"7":{"start":{"line":13,"column":16},"end":{"line":13,"column":45}},"8":{"start":{"line":15,"column":2},"end":{"line":17,"column":3}},"9":{"start":{"line":16,"column":4},"end":{"line":16,"column":53}},"10":{"start":{"line":19,"column":2},"end":{"line":19,"column":16}},"11":{"start":{"line":22,"column":0},"end":{"line":22,"column":19}}},"fnMap":{"0":{"name":"(anonymous_0)","decl":{"start":{"line":3,"column":29},"end":{"line":3,"column":34}},"loc":{"start":{"line":3,"column":40},"end":{"line":6,"column":1}}},"1":{"name":"(anonymous_1)","decl":{"start":{"line":12,"column":29},"end":{"line":12,"column":30}},"loc":{"start":{"line":12,"column":40},"end":{"line":20,"column":1}}}},"branchMap":{"0":{"loc":{"start":{"line":15,"column":2},"end":{"line":17,"column":3}},"type":"if","locations":[{"start":{"line":15,"column":2},"end":{"line":17,"column":3}},{"start":{},"end":{}}]}},"s":{"0":0,"1":0,"2":0,"3":0,"4":0,"5":0,"6":0,"7":0,"8":0,"9":0,"10":0,"11":0},"f":{"0":0,"1":0},"b":{"0":[0,0]}}
,"C:\\Users\\joshu\\Desktop\\VS_CODE\\RevTraining\\project1\\Project1-VenueX\\frontend\\src\\api\\bookings.api.ts": {"path":"C:\\Users\\joshu\\Desktop\\VS_CODE\\RevTraining\\project1\\Project1-VenueX\\frontend\\src\\api\\bookings.api.ts","statementMap":{"0":{"start":{"line":1,"column":0},"end":{"line":1,"column":26}},"1":{"start":{"line":11,"column":31},"end":{"line":21,"column":1}},"2":{"start":{"line":12,"column":19},"end":{"line":14,"column":4}},"3":{"start":{"line":17,"column":2},"end":{"line":20,"column":6}},"4":{"start":{"line":17,"column":34},"end":{"line":20,"column":4}},"5":{"start":{"line":11,"column":13},"end":{"line":11,"column":31}}},"fnMap":{"0":{"name":"(anonymous_0)","decl":{"start":{"line":11,"column":31},"end":{"line":11,"column":36}},"loc":{"start":{"line":11,"column":87},"end":{"line":21,"column":1}}},"1":{"name":"(anonymous_1)","decl":{"start":{"line":17,"column":26},"end":{"line":17,"column":27}},"loc":{"start":{"line":17,"column":34},"end":{"line":20,"column":4}}}},"branchMap":{"0":{"loc":{"start":{"line":13,"column":12},"end":{"line":13,"column":45}},"type":"cond-expr","locations":[{"start":{"line":13,"column":22},"end":{"line":13,"column":33}},{"start":{"line":13,"column":36},"end":{"line":13,"column":45}}]},"1":{"loc":{"start":{"line":17,"column":10},"end":{"line":17,"column":20}},"type":"binary-expr","locations":[{"start":{"line":17,"column":10},"end":{"line":17,"column":14}},{"start":{"line":17,"column":18},"end":{"line":17,"column":20}}]}},"s":{"0":0,"1":0,"2":0,"3":0,"4":0,"5":0},"f":{"0":0,"1":0},"b":{"0":[0,0],"1":[0,0]}}
,"C:\\Users\\joshu\\Desktop\\VS_CODE\\RevTraining\\project1\\Project1-VenueX\\frontend\\src\\api\\checkout.api.ts": {"path":"C:\\Users\\joshu\\Desktop\\VS_CODE\\RevTraining\\project1\\Project1-VenueX\\frontend\\src\\api\\checkout.api.ts","statementMap":{"0":{"start":{"line":1,"column":0},"end":{"line":1,"column":24}},"1":{"start":{"line":5,"column":34},"end":{"line":12,"column":1}},"2":{"start":{"line":8,"column":19},"end":{"line":9,"column":null}},"3":{"start":{"line":11,"column":2},"end":{"line":11,"column":14}},"4":{"start":{"line":5,"column":13},"end":{"line":5,"column":34}},"5":{"start":{"line":15,"column":29},"end":{"line":22,"column":1}},"6":{"start":{"line":16,"column":19},"end":{"line":19,"column":4}},"7":{"start":{"line":21,"column":2},"end":{"line":21,"column":14}},"8":{"start":{"line":15,"column":13},"end":{"line":15,"column":29}}},"fnMap":{"0":{"name":"(anonymous_0)","decl":{"start":{"line":5,"column":34},"end":{"line":5,"column":39}},"loc":{"start":{"line":7,"column":30},"end":{"line":12,"column":1}}},"1":{"name":"(anonymous_1)","decl":{"start":{"line":15,"column":29},"end":{"line":15,"column":34}},"loc":{"start":{"line":15,"column":57},"end":{"line":22,"column":1}}}},"branchMap":{},"s":{"0":0,"1":0,"2":0,"3":0,"4":0,"5":0,"6":0,"7":0,"8":0},"f":{"0":0,"1":0},"b":{}}
,"C:\\Users\\joshu\\Desktop\\VS_CODE\\RevTraining\\project1\\Project1-VenueX\\frontend\\src\\api\\eventSeatSections.api.ts": {"path":"C:\\Users\\joshu\\Desktop\\VS_CODE\\RevTraining\\project1\\Project1-VenueX\\frontend\\src\\api\\eventSeatSections.api.ts","statementMap":{"0":{"start":{"line":36,"column":0},"end":{"line":36,"column":26}},"1":{"start":{"line":54,"column":36},"end":{"line":66,"column":1}},"2":{"start":{"line":57,"column":19},"end":{"line":58,"column":null}},"3":{"start":{"line":61,"column":2},"end":{"line":65,"column":6}},"4":{"start":{"line":61,"column":34},"end":{"line":65,"column":4}},"5":{"start":{"line":54,"column":13},"end":{"line":54,"column":36}}},"fnMap":{"0":{"name":"(anonymous_0)","decl":{"start":{"line":54,"column":36},"end":{"line":54,"column":41}},"loc":{"start":{"line":56,"column":36},"end":{"line":66,"column":1}}},"1":{"name":"(anonymous_1)","decl":{"start":{"line":61,"column":26},"end":{"line":61,"column":27}},"loc":{"start":{"line":61,"column":34},"end":{"line":65,"column":4}}}},"branchMap":{"0":{"loc":{"start":{"line":61,"column":10},"end":{"line":61,"column":20}},"type":"binary-expr","locations":[{"start":{"line":61,"column":10},"end":{"line":61,"column":14}},{"start":{"line":61,"column":18},"end":{"line":61,"column":20}}]}},"s":{"0":0,"1":0,"2":0,"3":0,"4":0,"5":0},"f":{"0":0,"1":0},"b":{"0":[0,0]}}
,"C:\\Users\\joshu\\Desktop\\VS_CODE\\RevTraining\\project1\\Project1-VenueX\\frontend\\src\\api\\events.api.ts": {"path":"C:\\Users\\joshu\\Desktop\\VS_CODE\\RevTraining\\project1\\Project1-VenueX\\frontend\\src\\api\\events.api.ts","statementMap":{"0":{"start":{"line":4,"column":0},"end":{"line":4,"column":33}},"1":{"start":{"line":6,"column":28},"end":{"line":7,"column":29}},"2":{"start":{"line":7,"column":2},"end":{"line":7,"column":29}},"3":{"start":{"line":6,"column":13},"end":{"line":6,"column":28}},"4":{"start":{"line":9,"column":28},"end":{"line":10,"column":33}},"5":{"start":{"line":10,"column":2},"end":{"line":10,"column":33}},"6":{"start":{"line":9,"column":13},"end":{"line":9,"column":28}},"7":{"start":{"line":12,"column":27},"end":{"line":13,"column":34}},"8":{"start":{"line":13,"column":2},"end":{"line":13,"column":34}},"9":{"start":{"line":12,"column":13},"end":{"line":12,"column":27}},"10":{"start":{"line":16,"column":27},"end":{"line":17,"column":40}},"11":{"start":{"line":17,"column":2},"end":{"line":17,"column":40}},"12":{"start":{"line":16,"column":13},"end":{"line":16,"column":27}},"13":{"start":{"line":19,"column":27},"end":{"line":20,"column":50}},"14":{"start":{"line":20,"column":2},"end":{"line":20,"column":50}},"15":{"start":{"line":19,"column":13},"end":{"line":19,"column":27}},"16":{"start":{"line":22,"column":27},"end":{"line":23,"column":46}},"17":{"start":{"line":23,"column":2},"end":{"line":23,"column":46}},"18":{"start":{"line":22,"column":13},"end":{"line":22,"column":27}},"19":{"start":{"line":25,"column":36},"end":{"line":27,"column":null}},"20":{"start":{"line":26,"column":2},"end":{"line":27,"column":null}},"21":{"start":{"line":25,"column":13},"end":{"line":25,"column":36}},"22":{"start":{"line":30,"column":39},"end":{"line":31,"column":86}},"23":{"start":{"line":31,"column":2},"end":{"line":31,"column":86}},"24":{"start":{"line":30,"column":13},"end":{"line":30,"column":39}},"25":{"start":{"line":33,"column":38},"end":{"line":34,"column":85}},"26":{"start":{"line":34,"column":2},"end":{"line":34,"column":85}},"27":{"start":{"line":33,"column":13},"end":{"line":33,"column":38}}},"fnMap":{"0":{"name":"(anonymous_0)","decl":{"start":{"line":6,"column":28},"end":{"line":6,"column":31}},"loc":{"start":{"line":7,"column":2},"end":{"line":7,"column":29}}},"1":{"name":"(anonymous_1)","decl":{"start":{"line":9,"column":28},"end":{"line":9,"column":29}},"loc":{"start":{"line":10,"column":2},"end":{"line":10,"column":33}}},"2":{"name":"(anonymous_2)","decl":{"start":{"line":12,"column":27},"end":{"line":12,"column":30}},"loc":{"start":{"line":13,"column":2},"end":{"line":13,"column":34}}},"3":{"name":"(anonymous_3)","decl":{"start":{"line":16,"column":27},"end":{"line":16,"column":28}},"loc":{"start":{"line":17,"column":2},"end":{"line":17,"column":40}}},"4":{"name":"(anonymous_4)","decl":{"start":{"line":19,"column":27},"end":{"line":19,"column":28}},"loc":{"start":{"line":20,"column":2},"end":{"line":20,"column":50}}},"5":{"name":"(anonymous_5)","decl":{"start":{"line":22,"column":27},"end":{"line":22,"column":28}},"loc":{"start":{"line":23,"column":2},"end":{"line":23,"column":46}}},"6":{"name":"(anonymous_6)","decl":{"start":{"line":25,"column":36},"end":{"line":25,"column":37}},"loc":{"start":{"line":26,"column":2},"end":{"line":27,"column":null}}},"7":{"name":"(anonymous_7)","decl":{"start":{"line":30,"column":39},"end":{"line":30,"column":40}},"loc":{"start":{"line":31,"column":2},"end":{"line":31,"column":86}}},"8":{"name":"(anonymous_8)","decl":{"start":{"line":33,"column":38},"end":{"line":33,"column":39}},"loc":{"start":{"line":34,"column":2},"end":{"line":34,"column":85}}}},"branchMap":{},"s":{"0":0,"1":0,"2":0,"3":0,"4":0,"5":0,"6":0,"7":0,"8":0,"9":0,"10":0,"11":0,"12":0,"13":0,"14":0,"15":0,"16":0,"17":0,"18":0,"19":0,"20":0,"21":0,"22":0,"23":0,"24":0,"25":0,"26":0,"27":0},"f":{"0":0,"1":0,"2":0,"3":0,"4":0,"5":0,"6":0,"7":0,"8":0},"b":{}}
,"C:\\Users\\joshu\\Desktop\\VS_CODE\\RevTraining\\project1\\Project1-VenueX\\frontend\\src\\api\\tickets.api.ts": {"path":"C:\\Users\\joshu\\Desktop\\VS_CODE\\RevTraining\\project1\\Project1-VenueX\\frontend\\src\\api\\tickets.api.ts","statementMap":{"0":{"start":{"line":1,"column":0},"end":{"line":1,"column":24}},"1":{"start":{"line":9,"column":36},"end":{"line":16,"column":1}},"2":{"start":{"line":12,"column":19},"end":{"line":13,"column":null}},"3":{"start":{"line":15,"column":2},"end":{"line":15,"column":14}},"4":{"start":{"line":9,"column":13},"end":{"line":9,"column":36}}},"fnMap":{"0":{"name":"(anonymous_0)","decl":{"start":{"line":9,"column":36},"end":{"line":9,"column":41}},"loc":{"start":{"line":11,"column":32},"end":{"line":16,"column":1}}}},"branchMap":{},"s":{"0":0,"1":0,"2":0,"3":0,"4":0},"f":{"0":0},"b":{}}
,"C:\\Users\\joshu\\Desktop\\VS_CODE\\RevTraining\\project1\\Project1-VenueX\\frontend\\src\\api\\user.api.ts": {"path":"C:\\Users\\joshu\\Desktop\\VS_CODE\\RevTraining\\project1\\Project1-VenueX\\frontend\\src\\api\\user.api.ts","statementMap":{"0":{"start":{"line":1,"column":0},"end":{"line":1,"column":33}},"1":{"start":{"line":3,"column":27},"end":{"line":6,"column":1}},"2":{"start":{"line":4,"column":21},"end":{"line":4,"column":49}},"3":{"start":{"line":5,"column":4},"end":{"line":5,"column":25}},"4":{"start":{"line":3,"column":13},"end":{"line":3,"column":27}},"5":{"start":{"line":8,"column":30},"end":{"line":15,"column":1}},"6":{"start":{"line":10,"column":21},"end":{"line":13,"column":6}},"7":{"start":{"line":14,"column":4},"end":{"line":14,"column":25}},"8":{"start":{"line":8,"column":13},"end":{"line":8,"column":30}},"9":{"start":{"line":17,"column":26},"end":{"line":21,"column":1}},"10":{"start":{"line":19,"column":21},"end":{"line":19,"column":52}},"11":{"start":{"line":20,"column":4},"end":{"line":20,"column":25}},"12":{"start":{"line":17,"column":13},"end":{"line":17,"column":26}},"13":{"start":{"line":23,"column":27},"end":{"line":27,"column":1}},"14":{"start":{"line":25,"column":21},"end":{"line":25,"column":50}},"15":{"start":{"line":26,"column":4},"end":{"line":26,"column":25}},"16":{"start":{"line":23,"column":13},"end":{"line":23,"column":27}}},"fnMap":{"0":{"name":"(anonymous_0)","decl":{"start":{"line":3,"column":27},"end":{"line":3,"column":32}},"loc":{"start":{"line":3,"column":48},"end":{"line":6,"column":1}}},"1":{"name":"(anonymous_1)","decl":{"start":{"line":8,"column":30},"end":{"line":8,"column":35}},"loc":{"start":{"line":8,"column":70},"end":{"line":15,"column":1}}},"2":{"name":"(anonymous_2)","decl":{"start":{"line":17,"column":26},"end":{"line":17,"column":31}},"loc":{"start":{"line":17,"column":47},"end":{"line":21,"column":1}}},"3":{"name":"(anonymous_3)","decl":{"start":{"line":23,"column":27},"end":{"line":23,"column":32}},"loc":{"start":{"line":23,"column":38},"end":{"line":27,"column":1}}}},"branchMap":{},"s":{"0":0,"1":0,"2":0,"3":0,"4":0,"5":0,"6":0,"7":0,"8":0,"9":0,"10":0,"11":0,"12":0,"13":0,"14":0,"15":0,"16":0},"f":{"0":0,"1":0,"2":0,"3":0},"b":{}}
,"C:\\Users\\joshu\\Desktop\\VS_CODE\\RevTraining\\project1\\Project1-VenueX\\frontend\\src\\api\\venue.api.ts": {"path":"C:\\Users\\joshu\\Desktop\\VS_CODE\\RevTraining\\project1\\Project1-VenueX\\frontend\\src\\api\\venue.api.ts","statementMap":{"0":{"start":{"line":1,"column":0},"end":{"line":1,"column":33}},"1":{"start":{"line":6,"column":28},"end":{"line":6,"column":61}},"2":{"start":{"line":6,"column":34},"end":{"line":6,"column":61}},"3":{"start":{"line":6,"column":13},"end":{"line":6,"column":28}},"4":{"start":{"line":8,"column":28},"end":{"line":9,"column":33}},"5":{"start":{"line":9,"column":2},"end":{"line":9,"column":33}},"6":{"start":{"line":8,"column":13},"end":{"line":8,"column":28}},"7":{"start":{"line":11,"column":31},"end":{"line":12,"column":55}},"8":{"start":{"line":12,"column":2},"end":{"line":12,"column":55}},"9":{"start":{"line":11,"column":13},"end":{"line":11,"column":31}},"10":{"start":{"line":15,"column":27},"end":{"line":16,"column":41}},"11":{"start":{"line":16,"column":2},"end":{"line":16,"column":41}},"12":{"start":{"line":15,"column":13},"end":{"line":15,"column":27}},"13":{"start":{"line":18,"column":27},"end":{"line":19,"column":51}},"14":{"start":{"line":19,"column":2},"end":{"line":19,"column":51}},"15":{"start":{"line":18,"column":13},"end":{"line":18,"column":27}},"16":{"start":{"line":21,"column":27},"end":{"line":22,"column":47}},"17":{"start":{"line":22,"column":2},"end":{"line":22,"column":47}},"18":{"start":{"line":21,"column":13},"end":{"line":21,"column":27}},"19":{"start":{"line":24,"column":34},"end":{"line":25,"column":76}},"20":{"start":{"line":25,"column":2},"end":{"line":25,"column":76}},"21":{"start":{"line":24,"column":13},"end":{"line":24,"column":34}},"22":{"start":{"line":27,"column":34},"end":{"line":28,"column":76}},"23":{"start":{"line":28,"column":2},"end":{"line":28,"column":76}},"24":{"start":{"line":27,"column":13},"end":{"line":27,"column":34}}},"fnMap":{"0":{"name":"(anonymous_0)","decl":{"start":{"line":6,"column":28},"end":{"line":6,"column":31}},"loc":{"start":{"line":6,"column":34},"end":{"line":6,"column":61}}},"1":{"name":"(anonymous_1)","decl":{"start":{"line":8,"column":28},"end":{"line":8,"column":29}},"loc":{"start":{"line":9,"column":2},"end":{"line":9,"column":33}}},"2":{"name":"(anonymous_2)","decl":{"start":{"line":11,"column":31},"end":{"line":11,"column":32}},"loc":{"start":{"line":12,"column":2},"end":{"line":12,"column":55}}},"3":{"name":"(anonymous_3)","decl":{"start":{"line":15,"column":27},"end":{"line":15,"column":28}},"loc":{"start":{"line":16,"column":2},"end":{"line":16,"column":41}}},"4":{"name":"(anonymous_4)","decl":{"start":{"line":18,"column":27},"end":{"line":18,"column":28}},"loc":{"start":{"line":19,"column":2},"end":{"line":19,"column":51}}},"5":{"name":"(anonymous_5)","decl":{"start":{"line":21,"column":27},"end":{"line":21,"column":28}},"loc":{"start":{"line":22,"column":2},"end":{"line":22,"column":47}}},"6":{"name":"(anonymous_6)","decl":{"start":{"line":24,"column":34},"end":{"line":24,"column":35}},"loc":{"start":{"line":25,"column":2},"end":{"line":25,"column":76}}},"7":{"name":"(anonymous_7)","decl":{"start":{"line":27,"column":34},"end":{"line":27,"column":35}},"loc":{"start":{"line":28,"column":2},"end":{"line":28,"column":76}}}},"branchMap":{},"s":{"0":0,"1":0,"2":0,"3":0,"4":0,"5":0,"6":0,"7":0,"8":0,"9":0,"10":0,"11":0,"12":0,"13":0,"14":0,"15":0,"16":0,"17":0,"18":0,"19":0,"20":0,"21":0,"22":0,"23":0,"24":0},"f":{"0":0,"1":0,"2":0,"3":0,"4":0,"5":0,"6":0,"7":0},"b":{}}
,"C:\\Users\\joshu\\Desktop\\VS_CODE\\RevTraining\\project1\\Project1-VenueX\\frontend\\src\\auth\\AuthContext.tsx": {"path":"C:\\Users\\joshu\\Desktop\\VS_CODE\\RevTraining\\project1\\Project1-VenueX\\frontend\\src\\auth\\AuthContext.tsx","statementMap":{"0":{"start":{"line":1,"column":0},"end":{"line":1,"column":67}},"1":{"start":{"line":2,"column":0},"end":{"line":2,"column":45}},"2":{"start":{"line":4,"column":0},"end":{"line":4,"column":47}},"3":{"start":{"line":13,"column":20},"end":{"line":13,"column":73}},"4":{"start":{"line":15,"column":69},"end":{"line":55,"column":1}},"5":{"start":{"line":16,"column":21},"end":{"line":16,"column":34}},"6":{"start":{"line":19,"column":28},"end":{"line":33,"column":6}},"7":{"start":{"line":20,"column":19},"end":{"line":20,"column":45}},"8":{"start":{"line":21,"column":22},"end":{"line":21,"column":51}},"9":{"start":{"line":23,"column":8},"end":{"line":23,"column":39}},"10":{"start":{"line":23,"column":27},"end":{"line":23,"column":39}},"11":{"start":{"line":25,"column":8},"end":{"line":32,"column":10}},"12":{"start":{"line":37,"column":23},"end":{"line":37,"column":29}},"13":{"start":{"line":39,"column":18},"end":{"line":42,"column":5}},"14":{"start":{"line":41,"column":8},"end":{"line":41,"column":26}},"15":{"start":{"line":44,"column":19},"end":{"line":48,"column":5}},"16":{"start":{"line":45,"column":8},"end":{"line":45,"column":21}},"17":{"start":{"line":46,"column":8},"end":{"line":46,"column":22}},"18":{"start":{"line":47,"column":8},"end":{"line":47,"column":22}},"19":{"start":{"line":50,"column":4},"end":{"line":54,"column":6}},"20":{"start":{"line":15,"column":13},"end":{"line":15,"column":69}},"21":{"start":{"line":57,"column":23},"end":{"line":61,"column":1}},"22":{"start":{"line":58,"column":20},"end":{"line":58,"column":43}},"23":{"start":{"line":59,"column":4},"end":{"line":59,"column":81}},"24":{"start":{"line":59,"column":18},"end":{"line":59,"column":81}},"25":{"start":{"line":60,"column":4},"end":{"line":60,"column":19}},"26":{"start":{"line":57,"column":13},"end":{"line":57,"column":23}}},"fnMap":{"0":{"name":"(anonymous_0)","decl":{"start":{"line":15,"column":69},"end":{"line":15,"column":70}},"loc":{"start":{"line":15,"column":86},"end":{"line":55,"column":1}}},"1":{"name":"(anonymous_1)","decl":{"start":{"line":19,"column":50},"end":{"line":19,"column":53}},"loc":{"start":{"line":19,"column":55},"end":{"line":33,"column":5}}},"2":{"name":"(anonymous_2)","decl":{"start":{"line":39,"column":18},"end":{"line":39,"column":19}},"loc":{"start":{"line":39,"column":37},"end":{"line":42,"column":5}}},"3":{"name":"(anonymous_3)","decl":{"start":{"line":44,"column":19},"end":{"line":44,"column":22}},"loc":{"start":{"line":44,"column":24},"end":{"line":48,"column":5}}},"4":{"name":"(anonymous_4)","decl":{"start":{"line":57,"column":23},"end":{"line":57,"column":26}},"loc":{"start":{"line":57,"column":28},"end":{"line":61,"column":1}}}},"branchMap":{"0":{"loc":{"start":{"line":23,"column":8},"end":{"line":23,"column":39}},"type":"if","locations":[{"start":{"line":23,"column":8},"end":{"line":23,"column":39}},{"start":{},"end":{}}]},"1":{"loc":{"start":{"line":23,"column":12},"end":{"line":23,"column":25}},"type":"binary-expr","locations":[{"start":{"line":23,"column":12},"end":{"line":23,"column":15}},{"start":{"line":23,"column":19},"end":{"line":23,"column":25}}]},"2":{"loc":{"start":{"line":27,"column":19},"end":{"line":27,"column":54}},"type":"binary-expr","locations":[{"start":{"line":27,"column":19},"end":{"line":27,"column":48}},{"start":{"line":27,"column":52},"end":{"line":27,"column":54}}]},"3":{"loc":{"start":{"line":28,"column":18},"end":{"line":28,"column":52}},"type":"binary-expr","locations":[{"start":{"line":28,"column":18},"end":{"line":28,"column":46}},{"start":{"line":28,"column":50},"end":{"line":28,"column":52}}]},"4":{"loc":{"start":{"line":29,"column":23},"end":{"line":29,"column":62}},"type":"binary-expr","locations":[{"start":{"line":29,"column":23},"end":{"line":29,"column":56}},{"start":{"line":29,"column":60},"end":{"line":29,"column":62}}]},"5":{"loc":{"start":{"line":30,"column":22},"end":{"line":30,"column":60}},"type":"binary-expr","locations":[{"start":{"line":30,"column":22},"end":{"line":30,"column":54}},{"start":{"line":30,"column":58},"end":{"line":30,"column":60}}]},"6":{"loc":{"start":{"line":31,"column":19},"end":{"line":31,"column":54}},"type":"binary-expr","locations":[{"start":{"line":31,"column":19},"end":{"line":31,"column":48}},{"start":{"line":31,"column":52},"end":{"line":31,"column":54}}]},"7":{"loc":{"start":{"line":59,"column":4},"end":{"line":59,"column":81}},"type":"if","locations":[{"start":{"line":59,"column":4},"end":{"line":59,"column":81}},{"start":{},"end":{}}]}},"s":{"0":0,"1":0,"2":0,"3":0,"4":0,"5":0,"6":0,"7":0,"8":0,"9":0,"10":0,"11":0,"12":0,"13":0,"14":0,"15":0,"16":0,"17":0,"18":0,"19":0,"20":0,"21":0,"22":0,"23":0,"24":0,"25":0,"26":0},"f":{"0":0,"1":0,"2":0,"3":0,"4":0},"b":{"0":[0,0],"1":[0,0],"2":[0,0],"3":[0,0],"4":[0,0],"5":[0,0],"6":[0,0],"7":[0,0]}}
,"C:\\Users\\joshu\\Desktop\\VS_CODE\\RevTraining\\project1\\Project1-VenueX\\frontend\\src\\auth\\RoleGate.tsx": {"path":"C:\\Users\\joshu\\Desktop\\VS_CODE\\RevTraining\\project1\\Project1-VenueX\\frontend\\src\\auth\\RoleGate.tsx","statementMap":{"0":{"start":{"line":8,"column":0},"end":{"line":8,"column":24}},"1":{"start":{"line":1,"column":0},"end":{"line":1,"column":39}},"2":{"start":{"line":9,"column":19},"end":{"line":9,"column":28}},"3":{"start":{"line":11,"column":2},"end":{"line":11,"column":null}},"4":{"start":{"line":11,"column":13},"end":{"line":11,"column":null}},"5":{"start":{"line":12,"column":2},"end":{"line":12,"column":null}},"6":{"start":{"line":12,"column":34},"end":{"line":12,"column":null}},"7":{"start":{"line":14,"column":2},"end":{"line":14,"column":null}}},"fnMap":{"0":{"name":"RoleGate","decl":{"start":{"line":8,"column":24},"end":{"line":8,"column":32}},"loc":{"start":{"line":8,"column":67},"end":{"line":15,"column":1}}}},"branchMap":{"0":{"loc":{"start":{"line":11,"column":2},"end":{"line":11,"column":null}},"type":"if","locations":[{"start":{"line":11,"column":2},"end":{"line":11,"column":null}},{"start":{},"end":{}}]},"1":{"loc":{"start":{"line":12,"column":2},"end":{"line":12,"column":null}},"type":"if","locations":[{"start":{"line":12,"column":2},"end":{"line":12,"column":null}},{"start":{},"end":{}}]}},"s":{"0":0,"1":0,"2":0,"3":0,"4":0,"5":0,"6":0,"7":0},"f":{"0":0},"b":{"0":[0,0],"1":[0,0]}}
,"C:\\Users\\joshu\\Desktop\\VS_CODE\\RevTraining\\project1\\Project1-VenueX\\frontend\\src\\components\\Blank.tsx": {"path":"C:\\Users\\joshu\\Desktop\\VS_CODE\\RevTraining\\project1\\Project1-VenueX\\frontend\\src\\components\\Blank.tsx","statementMap":{"0":{"start":{"line":13,"column":0},"end":{"line":13,"column":24}},"1":{"start":{"line":14,"column":4},"end":{"line":25,"column":null}}},"fnMap":{"0":{"name":"Blank","decl":{"start":{"line":13,"column":24},"end":{"line":13,"column":29}},"loc":{"start":{"line":13,"column":54},"end":{"line":26,"column":1}}}},"branchMap":{},"s":{"0":0,"1":0},"f":{"0":0},"b":{}}
,"C:\\Users\\joshu\\Desktop\\VS_CODE\\RevTraining\\project1\\Project1-VenueX\\frontend\\src\\components\\EventCard.tsx": {"path":"C:\\Users\\joshu\\Desktop\\VS_CODE\\RevTraining\\project1\\Project1-VenueX\\frontend\\src\\components\\EventCard.tsx","statementMap":{"0":{"start":{"line":10,"column":0},"end":{"line":10,"column":24}},"1":{"start":{"line":1,"column":0},"end":{"line":1,"column":39}},"2":{"start":{"line":3,"column":0},"end":{"line":3,"column":46}},"3":{"start":{"line":4,"column":0},"end":{"line":4,"column":45}},"4":{"start":{"line":11,"column":19},"end":{"line":11,"column":32}},"5":{"start":{"line":13,"column":24},"end":{"line":16,"column":4}},"6":{"start":{"line":18,"column":25},"end":{"line":18,"column":34}},"7":{"start":{"line":20,"column":19},"end":{"line":20,"column":67}},"8":{"start":{"line":21,"column":2},"end":{"line":98,"column":null}},"9":{"start":{"line":23,"column":21},"end":{"line":23,"column":52}},"10":{"start":{"line":33,"column":10},"end":{"line":33,"column":null}},"11":{"start":{"line":73,"column":14},"end":{"line":73,"column":null}},"12":{"start":{"line":74,"column":14},"end":{"line":74,"column":null}},"13":{"start":{"line":86,"column":14},"end":{"line":86,"column":null}},"14":{"start":{"line":87,"column":14},"end":{"line":90,"column":15}},"15":{"start":{"line":88,"column":16},"end":{"line":88,"column":null}},"16":{"start":{"line":89,"column":16},"end":{"line":89,"column":22}},"17":{"start":{"line":91,"column":14},"end":{"line":91,"column":null}}},"fnMap":{"0":{"name":"EventCard","decl":{"start":{"line":10,"column":24},"end":{"line":10,"column":33}},"loc":{"start":{"line":10,"column":59},"end":{"line":99,"column":1}}},"1":{"name":"(anonymous_1)","decl":{"start":{"line":23,"column":15},"end":{"line":23,"column":18}},"loc":{"start":{"line":23,"column":21},"end":{"line":23,"column":52}}},"2":{"name":"(anonymous_2)","decl":{"start":{"line":32,"column":17},"end":{"line":32,"column":18}},"loc":{"start":{"line":32,"column":23},"end":{"line":34,"column":9}}},"3":{"name":"(anonymous_3)","decl":{"start":{"line":72,"column":21},"end":{"line":72,"column":22}},"loc":{"start":{"line":72,"column":27},"end":{"line":75,"column":13}}},"4":{"name":"(anonymous_4)","decl":{"start":{"line":85,"column":21},"end":{"line":85,"column":22}},"loc":{"start":{"line":85,"column":27},"end":{"line":92,"column":13}}}},"branchMap":{"0":{"loc":{"start":{"line":43,"column":12},"end":{"line":45,"column":52}},"type":"cond-expr","locations":[{"start":{"line":44,"column":14},"end":{"line":44,"column":51}},{"start":{"line":45,"column":14},"end":{"line":45,"column":52}}]},"1":{"loc":{"start":{"line":87,"column":14},"end":{"line":90,"column":15}},"type":"if","locations":[{"start":{"line":87,"column":14},"end":{"line":90,"column":15}},{"start":{},"end":{}}]}},"s":{"0":0,"1":0,"2":0,"3":0,"4":0,"5":0,"6":0,"7":0,"8":0,"9":0,"10":0,"11":0,"12":0,"13":0,"14":0,"15":0,"16":0,"17":0},"f":{"0":0,"1":0,"2":0,"3":0,"4":0},"b":{"0":[0,0],"1":[0,0]}}
,"C:\\Users\\joshu\\Desktop\\VS_CODE\\RevTraining\\project1\\Project1-VenueX\\frontend\\src\\components\\Footer.tsx": {"path":"C:\\Users\\joshu\\Desktop\\VS_CODE\\RevTraining\\project1\\Project1-VenueX\\frontend\\src\\components\\Footer.tsx","statementMap":{"0":{"start":{"line":1,"column":0},"end":{"line":1,"column":24}},"1":{"start":{"line":2,"column":2},"end":{"line":192,"column":null}}},"fnMap":{"0":{"name":"Footer","decl":{"start":{"line":1,"column":24},"end":{"line":1,"column":30}},"loc":{"start":{"line":1,"column":30},"end":{"line":193,"column":1}}}},"branchMap":{},"s":{"0":0,"1":0},"f":{"0":0},"b":{}}
,"C:\\Users\\joshu\\Desktop\\VS_CODE\\RevTraining\\project1\\Project1-VenueX\\frontend\\src\\components\\HeroSection.tsx": {"path":"C:\\Users\\joshu\\Desktop\\VS_CODE\\RevTraining\\project1\\Project1-VenueX\\frontend\\src\\components\\HeroSection.tsx","statementMap":{"0":{"start":{"line":1,"column":0},"end":{"line":1,"column":24}},"1":{"start":{"line":2,"column":2},"end":{"line":104,"column":null}}},"fnMap":{"0":{"name":"HeroSection","decl":{"start":{"line":1,"column":24},"end":{"line":1,"column":35}},"loc":{"start":{"line":1,"column":35},"end":{"line":105,"column":1}}}},"branchMap":{},"s":{"0":0,"1":0},"f":{"0":0},"b":{}}
,"C:\\Users\\joshu\\Desktop\\VS_CODE\\RevTraining\\project1\\Project1-VenueX\\frontend\\src\\components\\HostRequestCard.tsx": {"path":"C:\\Users\\joshu\\Desktop\\VS_CODE\\RevTraining\\project1\\Project1-VenueX\\frontend\\src\\components\\HostRequestCard.tsx","statementMap":{"0":{"start":{"line":3,"column":0},"end":{"line":3,"column":24}},"1":{"start":{"line":1,"column":0},"end":{"line":1,"column":57}},"2":{"start":{"line":6,"column":27},"end":{"line":6,"column":83}},"3":{"start":{"line":7,"column":6},"end":{"line":14,"column":7}},"4":{"start":{"line":8,"column":8},"end":{"line":8,"column":60}},"5":{"start":{"line":11,"column":8},"end":{"line":13,"column":16}},"6":{"start":{"line":12,"column":10},"end":{"line":12,"column":32}},"7":{"start":{"line":17,"column":4},"end":{"line":120,"column":6}},"8":{"start":{"line":44,"column":27},"end":{"line":44,"column":48}}},"fnMap":{"0":{"name":"HostRequestCard","decl":{"start":{"line":3,"column":24},"end":{"line":3,"column":39}},"loc":{"start":{"line":3,"column":39},"end":{"line":121,"column":1}}},"1":{"name":"deleteNotification","decl":{"start":{"line":5,"column":13},"end":{"line":5,"column":31}},"loc":{"start":{"line":5,"column":43},"end":{"line":15,"column":5}}},"2":{"name":"(anonymous_2)","decl":{"start":{"line":11,"column":19},"end":{"line":11,"column":22}},"loc":{"start":{"line":11,"column":24},"end":{"line":13,"column":9}}},"3":{"name":"(anonymous_3)","decl":{"start":{"line":44,"column":21},"end":{"line":44,"column":24}},"loc":{"start":{"line":44,"column":27},"end":{"line":44,"column":48}}}},"branchMap":{"0":{"loc":{"start":{"line":7,"column":6},"end":{"line":14,"column":7}},"type":"if","locations":[{"start":{"line":7,"column":6},"end":{"line":14,"column":7}},{"start":{},"end":{}}]}},"s":{"0":0,"1":0,"2":0,"3":0,"4":0,"5":0,"6":0,"7":0,"8":0},"f":{"0":0,"1":0,"2":0,"3":0},"b":{"0":[0,0]}}
,"C:\\Users\\joshu\\Desktop\\VS_CODE\\RevTraining\\project1\\Project1-VenueX\\frontend\\src\\components\\NotificationCard.tsx": {"path":"C:\\Users\\joshu\\Desktop\\VS_CODE\\RevTraining\\project1\\Project1-VenueX\\frontend\\src\\components\\NotificationCard.tsx","statementMap":{"0":{"start":{"line":3,"column":0},"end":{"line":3,"column":24}},"1":{"start":{"line":1,"column":0},"end":{"line":1,"column":50}},"2":{"start":{"line":6,"column":27},"end":{"line":6,"column":83}},"3":{"start":{"line":7,"column":6},"end":{"line":14,"column":7}},"4":{"start":{"line":8,"column":8},"end":{"line":8,"column":60}},"5":{"start":{"line":11,"column":8},"end":{"line":13,"column":16}},"6":{"start":{"line":12,"column":10},"end":{"line":12,"column":32}},"7":{"start":{"line":17,"column":4},"end":{"line":70,"column":6}},"8":{"start":{"line":44,"column":35},"end":{"line":44,"column":56}}},"fnMap":{"0":{"name":"NotificationCard","decl":{"start":{"line":3,"column":24},"end":{"line":3,"column":40}},"loc":{"start":{"line":3,"column":40},"end":{"line":71,"column":1}}},"1":{"name":"deleteNotification","decl":{"start":{"line":5,"column":13},"end":{"line":5,"column":31}},"loc":{"start":{"line":5,"column":43},"end":{"line":15,"column":5}}},"2":{"name":"(anonymous_2)","decl":{"start":{"line":11,"column":19},"end":{"line":11,"column":22}},"loc":{"start":{"line":11,"column":24},"end":{"line":13,"column":9}}},"3":{"name":"(anonymous_3)","decl":{"start":{"line":44,"column":29},"end":{"line":44,"column":32}},"loc":{"start":{"line":44,"column":35},"end":{"line":44,"column":56}}}},"branchMap":{"0":{"loc":{"start":{"line":7,"column":6},"end":{"line":14,"column":7}},"type":"if","locations":[{"start":{"line":7,"column":6},"end":{"line":14,"column":7}},{"start":{},"end":{}}]}},"s":{"0":0,"1":0,"2":0,"3":0,"4":0,"5":0,"6":0,"7":0,"8":0},"f":{"0":0,"1":0,"2":0,"3":0},"b":{"0":[0,0]}}
,"C:\\Users\\joshu\\Desktop\\VS_CODE\\RevTraining\\project1\\Project1-VenueX\\frontend\\src\\components\\OrganizerPromo.tsx": {"path":"C:\\Users\\joshu\\Desktop\\VS_CODE\\RevTraining\\project1\\Project1-VenueX\\frontend\\src\\components\\OrganizerPromo.tsx","statementMap":{"0":{"start":{"line":3,"column":0},"end":{"line":3,"column":24}},"1":{"start":{"line":1,"column":0},"end":{"line":1,"column":40}},"2":{"start":{"line":4,"column":2},"end":{"line":57,"column":null}}},"fnMap":{"0":{"name":"OrganizerPromo","decl":{"start":{"line":3,"column":24},"end":{"line":3,"column":38}},"loc":{"start":{"line":3,"column":38},"end":{"line":58,"column":1}}}},"branchMap":{},"s":{"0":0,"1":0,"2":0},"f":{"0":0},"b":{}}
,"C:\\Users\\joshu\\Desktop\\VS_CODE\\RevTraining\\project1\\Project1-VenueX\\frontend\\src\\components\\TrendingEvents.tsx": {"path":"C:\\Users\\joshu\\Desktop\\VS_CODE\\RevTraining\\project1\\Project1-VenueX\\frontend\\src\\components\\TrendingEvents.tsx","statementMap":{"0":{"start":{"line":8,"column":0},"end":{"line":8,"column":24}},"1":{"start":{"line":1,"column":0},"end":{"line":1,"column":43}},"2":{"start":{"line":2,"column":0},"end":{"line":2,"column":35}},"3":{"start":{"line":3,"column":0},"end":{"line":3,"column":61}},"4":{"start":{"line":5,"column":0},"end":{"line":5,"column":39}},"5":{"start":{"line":6,"column":0},"end":{"line":6,"column":46}},"6":{"start":{"line":9,"column":30},"end":{"line":9,"column":51}},"7":{"start":{"line":10,"column":32},"end":{"line":10,"column":46}},"8":{"start":{"line":11,"column":19},"end":{"line":11,"column":32}},"9":{"start":{"line":12,"column":42},"end":{"line":12,"column":57}},"10":{"start":{"line":14,"column":2},"end":{"line":21,"column":null}},"11":{"start":{"line":15,"column":4},"end":{"line":15,"column":null}},"12":{"start":{"line":16,"column":24},"end":{"line":16,"column":65}},"13":{"start":{"line":18,"column":4},"end":{"line":20,"column":null}},"14":{"start":{"line":19,"column":19},"end":{"line":19,"column":38}},"15":{"start":{"line":20,"column":21},"end":{"line":20,"column":38}},"16":{"start":{"line":23,"column":2},"end":{"line":23,"column":null}},"17":{"start":{"line":23,"column":15},"end":{"line":23,"column":null}},"18":{"start":{"line":25,"column":2},"end":{"line":76,"column":null}},"19":{"start":{"line":48,"column":29},"end":{"line":48,"column":59}},"20":{"start":{"line":58,"column":29},"end":{"line":58,"column":54}},"21":{"start":{"line":71,"column":12},"end":{"line":71,"column":38}}},"fnMap":{"0":{"name":"TrendingEvents","decl":{"start":{"line":8,"column":24},"end":{"line":8,"column":38}},"loc":{"start":{"line":8,"column":38},"end":{"line":77,"column":1}}},"1":{"name":"(anonymous_1)","decl":{"start":{"line":14,"column":12},"end":{"line":14,"column":15}},"loc":{"start":{"line":14,"column":17},"end":{"line":21,"column":3}}},"2":{"name":"(anonymous_2)","decl":{"start":{"line":19,"column":12},"end":{"line":19,"column":15}},"loc":{"start":{"line":19,"column":19},"end":{"line":19,"column":38}}},"3":{"name":"(anonymous_3)","decl":{"start":{"line":20,"column":15},"end":{"line":20,"column":18}},"loc":{"start":{"line":20,"column":21},"end":{"line":20,"column":38}}},"4":{"name":"(anonymous_4)","decl":{"start":{"line":48,"column":23},"end":{"line":48,"column":26}},"loc":{"start":{"line":48,"column":29},"end":{"line":48,"column":59}}},"5":{"name":"(anonymous_5)","decl":{"start":{"line":58,"column":23},"end":{"line":58,"column":26}},"loc":{"start":{"line":58,"column":29},"end":{"line":58,"column":54}}},"6":{"name":"(anonymous_6)","decl":{"start":{"line":70,"column":22},"end":{"line":70,"column":27}},"loc":{"start":{"line":71,"column":12},"end":{"line":71,"column":38}}}},"branchMap":{"0":{"loc":{"start":{"line":16,"column":24},"end":{"line":16,"column":65}},"type":"cond-expr","locations":[{"start":{"line":16,"column":39},"end":{"line":16,"column":50}},{"start":{"line":16,"column":53},"end":{"line":16,"column":65}}]},"1":{"loc":{"start":{"line":23,"column":2},"end":{"line":23,"column":null}},"type":"if","locations":[{"start":{"line":23,"column":2},"end":{"line":23,"column":null}},{"start":{},"end":{}}]},"2":{"loc":{"start":{"line":31,"column":13},"end":{"line":31,"column":50}},"type":"cond-expr","locations":[{"start":{"line":31,"column":28},"end":{"line":31,"column":39}},{"start":{"line":31,"column":42},"end":{"line":31,"column":50}}]},"3":{"loc":{"start":{"line":54,"column":15},"end":{"line":54,"column":56}},"type":"cond-expr","locations":[{"start":{"line":54,"column":30},"end":{"line":54,"column":42}},{"start":{"line":54,"column":45},"end":{"line":54,"column":56}}]}},"s":{"0":0,"1":0,"2":0,"3":0,"4":0,"5":0,"6":0,"7":0,"8":0,"9":0,"10":0,"11":0,"12":0,"13":0,"14":0,"15":0,"16":0,"17":0,"18":0,"19":0,"20":0,"21":0},"f":{"0":0,"1":0,"2":0,"3":0,"4":0,"5":0,"6":0},"b":{"0":[0,0],"1":[0,0],"2":[0,0],"3":[0,0]}}
,"C:\\Users\\joshu\\Desktop\\VS_CODE\\RevTraining\\project1\\Project1-VenueX\\frontend\\src\\components\\VenueCard.tsx": {"path":"C:\\Users\\joshu\\Desktop\\VS_CODE\\RevTraining\\project1\\Project1-VenueX\\frontend\\src\\components\\VenueCard.tsx","statementMap":{"0":{"start":{"line":9,"column":0},"end":{"line":9,"column":24}},"1":{"start":{"line":1,"column":0},"end":{"line":1,"column":39}},"2":{"start":{"line":2,"column":0},"end":{"line":2,"column":46}},"3":{"start":{"line":10,"column":19},"end":{"line":10,"column":32}},"4":{"start":{"line":11,"column":2},"end":{"line":100,"column":null}},"5":{"start":{"line":80,"column":18},"end":{"line":80,"column":null}},"6":{"start":{"line":81,"column":20},"end":{"line":81,"column":null}},"7":{"start":{"line":90,"column":18},"end":{"line":90,"column":null}},"8":{"start":{"line":91,"column":20},"end":{"line":91,"column":null}}},"fnMap":{"0":{"name":"VenueCard","decl":{"start":{"line":9,"column":24},"end":{"line":9,"column":33}},"loc":{"start":{"line":9,"column":57},"end":{"line":101,"column":1}}},"1":{"name":"(anonymous_1)","decl":{"start":{"line":79,"column":25},"end":{"line":79,"column":26}},"loc":{"start":{"line":79,"column":31},"end":{"line":82,"column":19}}},"2":{"name":"(anonymous_2)","decl":{"start":{"line":89,"column":27},"end":{"line":89,"column":28}},"loc":{"start":{"line":89,"column":33},"end":{"line":92,"column":19}}}},"branchMap":{},"s":{"0":0,"1":0,"2":0,"3":0,"4":0,"5":0,"6":0,"7":0,"8":0},"f":{"0":0,"1":0,"2":0},"b":{}}
,"C:\\Users\\joshu\\Desktop\\VS_CODE\\RevTraining\\project1\\Project1-VenueX\\frontend\\src\\components\\Calendar\\Calendar.tsx": {"path":"C:\\Users\\joshu\\Desktop\\VS_CODE\\RevTraining\\project1\\Project1-VenueX\\frontend\\src\\components\\Calendar\\Calendar.tsx","statementMap":{"0":{"start":{"line":17,"column":0},"end":{"line":17,"column":24}},"1":{"start":{"line":1,"column":0},"end":{"line":1,"column":24}},"2":{"start":{"line":2,"column":0},"end":{"line":2,"column":42}},"3":{"start":{"line":10,"column":19},"end":{"line":13,"column":2}},"4":{"start":{"line":15,"column":17},"end":{"line":15,"column":66}},"5":{"start":{"line":18,"column":16},"end":{"line":18,"column":26}},"6":{"start":{"line":20,"column":40},"end":{"line":20,"column":61}},"7":{"start":{"line":21,"column":42},"end":{"line":21,"column":77}},"8":{"start":{"line":23,"column":26},"end":{"line":23,"column":39}},"9":{"start":{"line":24,"column":30},"end":{"line":24,"column":44}},"10":{"start":{"line":25,"column":30},"end":{"line":25,"column":57}},"11":{"start":{"line":27,"column":15},"end":{"line":27,"column":40}},"12":{"start":{"line":28,"column":16},"end":{"line":28,"column":38}},"13":{"start":{"line":30,"column":19},"end":{"line":30,"column":52}},"14":{"start":{"line":31,"column":22},"end":{"line":31,"column":60}},"15":{"start":{"line":33,"column":23},"end":{"line":45,"column":29}},"16":{"start":{"line":34,"column":36},"end":{"line":34,"column":38}},"17":{"start":{"line":36,"column":4},"end":{"line":38,"column":5}},"18":{"start":{"line":36,"column":17},"end":{"line":36,"column":18}},"19":{"start":{"line":37,"column":6},"end":{"line":37,"column":22}},"20":{"start":{"line":40,"column":4},"end":{"line":42,"column":5}},"21":{"start":{"line":40,"column":17},"end":{"line":40,"column":18}},"22":{"start":{"line":41,"column":6},"end":{"line":41,"column":19}},"23":{"start":{"line":44,"column":4},"end":{"line":44,"column":16}},"24":{"start":{"line":47,"column":25},"end":{"line":49,"column":3}},"25":{"start":{"line":48,"column":4},"end":{"line":48,"column":42}},"26":{"start":{"line":51,"column":24},"end":{"line":53,"column":8}},"27":{"start":{"line":55,"column":28},"end":{"line":57,"column":8}},"28":{"start":{"line":59,"column":2},"end":{"line":166,"column":4}},"29":{"start":{"line":69,"column":12},"end":{"line":69,"column":56}},"30":{"start":{"line":81,"column":12},"end":{"line":81,"column":56}},"31":{"start":{"line":91,"column":10},"end":{"line":91,"column":23}},"32":{"start":{"line":97,"column":10},"end":{"line":99,"column":11}},"33":{"start":{"line":98,"column":12},"end":{"line":98,"column":37}},"34":{"start":{"line":102,"column":12},"end":{"line":104,"column":35}},"35":{"start":{"line":107,"column":12},"end":{"line":109,"column":37}},"36":{"start":{"line":111,"column":10},"end":{"line":122,"column":12}},"37":{"start":{"line":114,"column":29},"end":{"line":114,"column":48}},"38":{"start":{"line":128,"column":44},"end":{"line":128,"column":67}},"39":{"start":{"line":129,"column":48},"end":{"line":129,"column":53}},"40":{"start":{"line":130,"column":12},"end":{"line":130,"column":28}},"41":{"start":{"line":138,"column":46},"end":{"line":138,"column":71}},"42":{"start":{"line":147,"column":25},"end":{"line":147,"column":65}}},"fnMap":{"0":{"name":"Calendar","decl":{"start":{"line":17,"column":24},"end":{"line":17,"column":32}},"loc":{"start":{"line":17,"column":32},"end":{"line":167,"column":1}}},"1":{"name":"(anonymous_1)","decl":{"start":{"line":33,"column":31},"end":{"line":33,"column":34}},"loc":{"start":{"line":33,"column":36},"end":{"line":45,"column":3}}},"2":{"name":"(anonymous_2)","decl":{"start":{"line":47,"column":25},"end":{"line":47,"column":26}},"loc":{"start":{"line":47,"column":41},"end":{"line":49,"column":3}}},"3":{"name":"(anonymous_3)","decl":{"start":{"line":68,"column":19},"end":{"line":68,"column":22}},"loc":{"start":{"line":69,"column":12},"end":{"line":69,"column":56}}},"4":{"name":"(anonymous_4)","decl":{"start":{"line":80,"column":19},"end":{"line":80,"column":22}},"loc":{"start":{"line":81,"column":12},"end":{"line":81,"column":56}}},"5":{"name":"(anonymous_5)","decl":{"start":{"line":90,"column":22},"end":{"line":90,"column":23}},"loc":{"start":{"line":91,"column":10},"end":{"line":91,"column":23}}},"6":{"name":"(anonymous_6)","decl":{"start":{"line":96,"column":26},"end":{"line":96,"column":27}},"loc":{"start":{"line":96,"column":39},"end":{"line":123,"column":9}}},"7":{"name":"(anonymous_7)","decl":{"start":{"line":114,"column":23},"end":{"line":114,"column":26}},"loc":{"start":{"line":114,"column":29},"end":{"line":114,"column":48}}},"8":{"name":"(anonymous_8)","decl":{"start":{"line":128,"column":39},"end":{"line":128,"column":40}},"loc":{"start":{"line":128,"column":44},"end":{"line":128,"column":67}}},"9":{"name":"(anonymous_9)","decl":{"start":{"line":129,"column":38},"end":{"line":129,"column":39}},"loc":{"start":{"line":129,"column":48},"end":{"line":129,"column":53}}},"10":{"name":"(anonymous_10)","decl":{"start":{"line":129,"column":59},"end":{"line":129,"column":60}},"loc":{"start":{"line":130,"column":12},"end":{"line":130,"column":28}}},"11":{"name":"(anonymous_11)","decl":{"start":{"line":138,"column":41},"end":{"line":138,"column":42}},"loc":{"start":{"line":138,"column":46},"end":{"line":138,"column":71}}},"12":{"name":"(anonymous_12)","decl":{"start":{"line":147,"column":20},"end":{"line":147,"column":21}},"loc":{"start":{"line":147,"column":25},"end":{"line":147,"column":65}}}},"branchMap":{"0":{"loc":{"start":{"line":51,"column":24},"end":{"line":53,"column":8}},"type":"cond-expr","locations":[{"start":{"line":52,"column":6},"end":{"line":52,"column":124}},{"start":{"line":53,"column":6},"end":{"line":53,"column":8}}]},"1":{"loc":{"start":{"line":55,"column":28},"end":{"line":57,"column":8}},"type":"cond-expr","locations":[{"start":{"line":56,"column":6},"end":{"line":56,"column":42}},{"start":{"line":57,"column":6},"end":{"line":57,"column":8}}]},"2":{"loc":{"start":{"line":97,"column":10},"end":{"line":99,"column":11}},"type":"if","locations":[{"start":{"line":97,"column":10},"end":{"line":99,"column":11}},{"start":{},"end":{}}]},"3":{"loc":{"start":{"line":102,"column":12},"end":{"line":104,"column":35}},"type":"binary-expr","locations":[{"start":{"line":102,"column":12},"end":{"line":102,"column":40}},{"start":{"line":103,"column":12},"end":{"line":103,"column":38}},{"start":{"line":104,"column":12},"end":{"line":104,"column":35}}]},"4":{"loc":{"start":{"line":107,"column":12},"end":{"line":109,"column":37}},"type":"binary-expr","locations":[{"start":{"line":107,"column":12},"end":{"line":107,"column":39}},{"start":{"line":108,"column":12},"end":{"line":108,"column":41}},{"start":{"line":109,"column":12},"end":{"line":109,"column":37}}]},"5":{"loc":{"start":{"line":116,"column":18},"end":{"line":116,"column":40}},"type":"cond-expr","locations":[{"start":{"line":116,"column":28},"end":{"line":116,"column":35}},{"start":{"line":116,"column":38},"end":{"line":116,"column":40}}]},"6":{"loc":{"start":{"line":117,"column":18},"end":{"line":117,"column":46}},"type":"cond-expr","locations":[{"start":{"line":117,"column":31},"end":{"line":117,"column":41}},{"start":{"line":117,"column":44},"end":{"line":117,"column":46}}]},"7":{"loc":{"start":{"line":155,"column":7},"end":{"line":159,"column":null}},"type":"binary-expr","locations":[{"start":{"line":155,"column":7},"end":{"line":155,"column":19}},{"start":{"line":156,"column":8},"end":{"line":158,"column":null}}]}},"s":{"0":0,"1":0,"2":0,"3":0,"4":0,"5":0,"6":0,"7":0,"8":0,"9":0,"10":0,"11":0,"12":0,"13":0,"14":0,"15":0,"16":0,"17":0,"18":0,"19":0,"20":0,"21":0,"22":0,"23":0,"24":0,"25":0,"26":0,"27":0,"28":0,"29":0,"30":0,"31":0,"32":0,"33":0,"34":0,"35":0,"36":0,"37":0,"38":0,"39":0,"40":0,"41":0,"42":0},"f":{"0":0,"1":0,"2":0,"3":0,"4":0,"5":0,"6":0,"7":0,"8":0,"9":0,"10":0,"11":0,"12":0},"b":{"0":[0,0],"1":[0,0],"2":[0,0],"3":[0,0,0],"4":[0,0,0],"5":[0,0],"6":[0,0],"7":[0,0]}}
,"C:\\Users\\joshu\\Desktop\\VS_CODE\\RevTraining\\project1\\Project1-VenueX\\frontend\\src\\components\\navbar\\AuthButtons.tsx": {"path":"C:\\Users\\joshu\\Desktop\\VS_CODE\\RevTraining\\project1\\Project1-VenueX\\frontend\\src\\components\\navbar\\AuthButtons.tsx","statementMap":{"0":{"start":{"line":6,"column":27},"end":{"line":26,"column":1}},"1":{"start":{"line":7,"column":2},"end":{"line":25,"column":null}},"2":{"start":{"line":6,"column":13},"end":{"line":6,"column":27}}},"fnMap":{"0":{"name":"(anonymous_0)","decl":{"start":{"line":6,"column":27},"end":{"line":6,"column":28}},"loc":{"start":{"line":6,"column":71},"end":{"line":26,"column":1}}}},"branchMap":{},"s":{"0":0,"1":0,"2":0},"f":{"0":0},"b":{}}
,"C:\\Users\\joshu\\Desktop\\VS_CODE\\RevTraining\\project1\\Project1-VenueX\\frontend\\src\\components\\navbar\\Icons.tsx": {"path":"C:\\Users\\joshu\\Desktop\\VS_CODE\\RevTraining\\project1\\Project1-VenueX\\frontend\\src\\components\\navbar\\Icons.tsx","statementMap":{"0":{"start":{"line":1,"column":24},"end":{"line":6,"column":null}},"1":{"start":{"line":2,"column":2},"end":{"line":5,"column":null}},"2":{"start":{"line":1,"column":13},"end":{"line":1,"column":24}},"3":{"start":{"line":9,"column":31},"end":{"line":17,"column":null}},"4":{"start":{"line":10,"column":2},"end":{"line":16,"column":null}},"5":{"start":{"line":9,"column":13},"end":{"line":9,"column":31}},"6":{"start":{"line":20,"column":32},"end":{"line":33,"column":null}},"7":{"start":{"line":21,"column":2},"end":{"line":32,"column":null}},"8":{"start":{"line":20,"column":13},"end":{"line":20,"column":32}},"9":{"start":{"line":36,"column":27},"end":{"line":49,"column":null}},"10":{"start":{"line":37,"column":4},"end":{"line":48,"column":null}},"11":{"start":{"line":36,"column":13},"end":{"line":36,"column":27}},"12":{"start":{"line":52,"column":25},"end":{"line":65,"column":null}},"13":{"start":{"line":53,"column":4},"end":{"line":64,"column":null}},"14":{"start":{"line":52,"column":13},"end":{"line":52,"column":25}}},"fnMap":{"0":{"name":"(anonymous_0)","decl":{"start":{"line":1,"column":24},"end":{"line":1,"column":27}},"loc":{"start":{"line":2,"column":2},"end":{"line":5,"column":null}}},"1":{"name":"(anonymous_1)","decl":{"start":{"line":9,"column":31},"end":{"line":9,"column":34}},"loc":{"start":{"line":10,"column":2},"end":{"line":16,"column":null}}},"2":{"name":"(anonymous_2)","decl":{"start":{"line":20,"column":32},"end":{"line":20,"column":35}},"loc":{"start":{"line":21,"column":2},"end":{"line":32,"column":null}}},"3":{"name":"(anonymous_3)","decl":{"start":{"line":36,"column":27},"end":{"line":36,"column":30}},"loc":{"start":{"line":37,"column":4},"end":{"line":48,"column":null}}},"4":{"name":"(anonymous_4)","decl":{"start":{"line":52,"column":25},"end":{"line":52,"column":28}},"loc":{"start":{"line":53,"column":4},"end":{"line":64,"column":null}}}},"branchMap":{},"s":{"0":0,"1":0,"2":0,"3":0,"4":0,"5":0,"6":0,"7":0,"8":0,"9":0,"10":0,"11":0,"12":0,"13":0,"14":0},"f":{"0":0,"1":0,"2":0,"3":0,"4":0},"b":{}}
,"C:\\Users\\joshu\\Desktop\\VS_CODE\\RevTraining\\project1\\Project1-VenueX\\frontend\\src\\components\\navbar\\Navbar.tsx": {"path":"C:\\Users\\joshu\\Desktop\\VS_CODE\\RevTraining\\project1\\Project1-VenueX\\frontend\\src\\components\\navbar\\Navbar.tsx","statementMap":{"0":{"start":{"line":6,"column":0},"end":{"line":6,"column":24}},"1":{"start":{"line":1,"column":0},"end":{"line":1,"column":53}},"2":{"start":{"line":2,"column":0},"end":{"line":2,"column":49}},"3":{"start":{"line":3,"column":0},"end":{"line":3,"column":44}},"4":{"start":{"line":4,"column":0},"end":{"line":4,"column":43}},"5":{"start":{"line":7,"column":19},"end":{"line":7,"column":28}},"6":{"start":{"line":8,"column":19},"end":{"line":8,"column":32}},"7":{"start":{"line":10,"column":2},"end":{"line":59,"column":4}},"8":{"start":{"line":18,"column":81},"end":{"line":18,"column":94}},"9":{"start":{"line":34,"column":29},"end":{"line":34,"column":48}},"10":{"start":{"line":55,"column":32},"end":{"line":55,"column":64}}},"fnMap":{"0":{"name":"Navbar","decl":{"start":{"line":6,"column":24},"end":{"line":6,"column":30}},"loc":{"start":{"line":6,"column":30},"end":{"line":60,"column":1}}},"1":{"name":"(anonymous_1)","decl":{"start":{"line":18,"column":75},"end":{"line":18,"column":78}},"loc":{"start":{"line":18,"column":81},"end":{"line":18,"column":94}}},"2":{"name":"(anonymous_2)","decl":{"start":{"line":34,"column":23},"end":{"line":34,"column":26}},"loc":{"start":{"line":34,"column":29},"end":{"line":34,"column":48}}},"3":{"name":"(anonymous_3)","decl":{"start":{"line":55,"column":26},"end":{"line":55,"column":29}},"loc":{"start":{"line":55,"column":32},"end":{"line":55,"column":64}}}},"branchMap":{},"s":{"0":0,"1":0,"2":0,"3":0,"4":0,"5":0,"6":0,"7":0,"8":0,"9":0,"10":0},"f":{"0":0,"1":0,"2":0,"3":0},"b":{}}
,"C:\\Users\\joshu\\Desktop\\VS_CODE\\RevTraining\\project1\\Project1-VenueX\\frontend\\src\\components\\navbar\\UserActions.tsx": {"path":"C:\\Users\\joshu\\Desktop\\VS_CODE\\RevTraining\\project1\\Project1-VenueX\\frontend\\src\\components\\navbar\\UserActions.tsx","statementMap":{"0":{"start":{"line":1,"column":0},"end":{"line":1,"column":50}},"1":{"start":{"line":2,"column":0},"end":{"line":2,"column":36}},"2":{"start":{"line":3,"column":0},"end":{"line":3,"column":34}},"3":{"start":{"line":4,"column":0},"end":{"line":4,"column":49}},"4":{"start":{"line":5,"column":0},"end":{"line":5,"column":53}},"5":{"start":{"line":6,"column":0},"end":{"line":6,"column":43}},"6":{"start":{"line":18,"column":14},"end":{"line":24,"column":null}},"7":{"start":{"line":19,"column":2},"end":{"line":23,"column":null}},"8":{"start":{"line":27,"column":22},"end":{"line":35,"column":null}},"9":{"start":{"line":28,"column":2},"end":{"line":34,"column":null}},"10":{"start":{"line":38,"column":21},"end":{"line":53,"column":null}},"11":{"start":{"line":47,"column":2},"end":{"line":52,"column":null}},"12":{"start":{"line":56,"column":27},"end":{"line":121,"column":1}},"13":{"start":{"line":65,"column":33},"end":{"line":65,"column":42}},"14":{"start":{"line":66,"column":19},"end":{"line":66,"column":32}},"15":{"start":{"line":68,"column":2},"end":{"line":120,"column":null}},"16":{"start":{"line":111,"column":27},"end":{"line":111,"column":48}},"17":{"start":{"line":56,"column":13},"end":{"line":56,"column":27}}},"fnMap":{"0":{"name":"(anonymous_0)","decl":{"start":{"line":18,"column":14},"end":{"line":18,"column":15}},"loc":{"start":{"line":19,"column":2},"end":{"line":23,"column":null}}},"1":{"name":"(anonymous_1)","decl":{"start":{"line":27,"column":22},"end":{"line":27,"column":23}},"loc":{"start":{"line":28,"column":2},"end":{"line":34,"column":null}}},"2":{"name":"(anonymous_2)","decl":{"start":{"line":38,"column":21},"end":{"line":38,"column":22}},"loc":{"start":{"line":47,"column":2},"end":{"line":52,"column":null}}},"3":{"name":"(anonymous_3)","decl":{"start":{"line":56,"column":27},"end":{"line":56,"column":28}},"loc":{"start":{"line":64,"column":23},"end":{"line":121,"column":1}}},"4":{"name":"(anonymous_4)","decl":{"start":{"line":111,"column":21},"end":{"line":111,"column":24}},"loc":{"start":{"line":111,"column":27},"end":{"line":111,"column":48}}}},"branchMap":{"0":{"loc":{"start":{"line":57,"column":2},"end":{"line":57,"column":15}},"type":"default-arg","locations":[{"start":{"line":57,"column":14},"end":{"line":57,"column":15}}]},"1":{"loc":{"start":{"line":58,"column":2},"end":{"line":58,"column":16}},"type":"default-arg","locations":[{"start":{"line":58,"column":15},"end":{"line":58,"column":16}}]},"2":{"loc":{"start":{"line":59,"column":2},"end":{"line":59,"column":22}},"type":"default-arg","locations":[{"start":{"line":59,"column":21},"end":{"line":59,"column":22}}]},"3":{"loc":{"start":{"line":70,"column":7},"end":{"line":117,"column":null}},"type":"cond-expr","locations":[{"start":{"line":71,"column":8},"end":{"line":99,"column":null}},{"start":{"line":103,"column":8},"end":{"line":116,"column":null}}]},"4":{"loc":{"start":{"line":75,"column":13},"end":{"line":75,"column":57}},"type":"binary-expr","locations":[{"start":{"line":75,"column":13},"end":{"line":75,"column":26}},{"start":{"line":75,"column":30},"end":{"line":75,"column":57}}]},"5":{"loc":{"start":{"line":81,"column":15},"end":{"line":81,"column":73}},"type":"binary-expr","locations":[{"start":{"line":81,"column":15},"end":{"line":81,"column":35}},{"start":{"line":81,"column":39},"end":{"line":81,"column":73}}]},"6":{"loc":{"start":{"line":88,"column":15},"end":{"line":88,"column":61}},"type":"binary-expr","locations":[{"start":{"line":88,"column":15},"end":{"line":88,"column":29}},{"start":{"line":88,"column":33},"end":{"line":88,"column":61}}]}},"s":{"0":0,"1":0,"2":0,"3":0,"4":0,"5":0,"6":0,"7":0,"8":0,"9":0,"10":0,"11":0,"12":0,"13":0,"14":0,"15":0,"16":0,"17":0},"f":{"0":0,"1":0,"2":0,"3":0,"4":0},"b":{"0":[0],"1":[0],"2":[0],"3":[0,0],"4":[0,0],"5":[0,0],"6":[0,0]}}
,"C:\\Users\\joshu\\Desktop\\VS_CODE\\RevTraining\\project1\\Project1-VenueX\\frontend\\src\\pages\\ContactForm.tsx": {"path":"C:\\Users\\joshu\\Desktop\\VS_CODE\\RevTraining\\project1\\Project1-VenueX\\frontend\\src\\pages\\ContactForm.tsx","statementMap":{"0":{"start":{"line":1,"column":0},"end":{"line":1,"column":49}},"1":{"start":{"line":2,"column":0},"end":{"line":2,"column":40}},"2":{"start":{"line":3,"column":0},"end":{"line":3,"column":42}},"3":{"start":{"line":4,"column":0},"end":{"line":4,"column":33}},"4":{"start":{"line":13,"column":20},"end":{"line":128,"column":1}},"5":{"start":{"line":14,"column":36},"end":{"line":19,"column":4}},"6":{"start":{"line":21,"column":42},"end":{"line":21,"column":57}},"7":{"start":{"line":22,"column":32},"end":{"line":22,"column":47}},"8":{"start":{"line":23,"column":28},"end":{"line":23,"column":57}},"9":{"start":{"line":25,"column":23},"end":{"line":30,"column":3}},"10":{"start":{"line":28,"column":28},"end":{"line":28,"column":36}},"11":{"start":{"line":29,"column":4},"end":{"line":29,"column":56}},"12":{"start":{"line":29,"column":27},"end":{"line":29,"column":53}},"13":{"start":{"line":32,"column":23},"end":{"line":54,"column":3}},"14":{"start":{"line":33,"column":4},"end":{"line":33,"column":23}},"15":{"start":{"line":34,"column":4},"end":{"line":34,"column":26}},"16":{"start":{"line":35,"column":4},"end":{"line":35,"column":19}},"17":{"start":{"line":36,"column":4},"end":{"line":36,"column":22}},"18":{"start":{"line":38,"column":4},"end":{"line":53,"column":5}},"19":{"start":{"line":39,"column":28},"end":{"line":41,"column":null}},"20":{"start":{"line":40,"column":8},"end":{"line":41,"column":null}},"21":{"start":{"line":41,"column":12},"end":{"line":41,"column":45}},"22":{"start":{"line":41,"column":29},"end":{"line":41,"column":38}},"23":{"start":{"line":44,"column":8},"end":{"line":44,"column":30}},"24":{"start":{"line":46,"column":6},"end":{"line":46,"column":48}},"25":{"start":{"line":47,"column":6},"end":{"line":47,"column":23}},"26":{"start":{"line":48,"column":6},"end":{"line":48,"column":69}},"27":{"start":{"line":50,"column":6},"end":{"line":50,"column":58}},"28":{"start":{"line":52,"column":6},"end":{"line":52,"column":29}},"29":{"start":{"line":56,"column":2},"end":{"line":127,"column":4}},"30":{"start":{"line":130,"column":0},"end":{"line":130,"column":27}}},"fnMap":{"0":{"name":"(anonymous_0)","decl":{"start":{"line":13,"column":20},"end":{"line":13,"column":23}},"loc":{"start":{"line":13,"column":25},"end":{"line":128,"column":1}}},"1":{"name":"(anonymous_1)","decl":{"start":{"line":25,"column":23},"end":{"line":25,"column":null}},"loc":{"start":{"line":27,"column":6},"end":{"line":30,"column":3}}},"2":{"name":"(anonymous_2)","decl":{"start":{"line":29,"column":16},"end":{"line":29,"column":17}},"loc":{"start":{"line":29,"column":27},"end":{"line":29,"column":53}}},"3":{"name":"(anonymous_3)","decl":{"start":{"line":32,"column":23},"end":{"line":32,"column":28}},"loc":{"start":{"line":32,"column":52},"end":{"line":54,"column":3}}},"4":{"name":"(anonymous_4)","decl":{"start":{"line":39,"column":28},"end":{"line":39,"column":31}},"loc":{"start":{"line":40,"column":8},"end":{"line":41,"column":null}}},"5":{"name":"(anonymous_5)","decl":{"start":{"line":40,"column":26},"end":{"line":40,"column":27}},"loc":{"start":{"line":41,"column":12},"end":{"line":41,"column":45}}},"6":{"name":"(anonymous_6)","decl":{"start":{"line":41,"column":23},"end":{"line":41,"column":26}},"loc":{"start":{"line":41,"column":29},"end":{"line":41,"column":38}}}},"branchMap":{"0":{"loc":{"start":{"line":114,"column":15},"end":{"line":114,"column":71}},"type":"binary-expr","locations":[{"start":{"line":114,"column":15},"end":{"line":114,"column":20}},{"start":{"line":114,"column":24},"end":{"line":114,"column":71}}]},"1":{"loc":{"start":{"line":115,"column":15},"end":{"line":115,"column":81}},"type":"binary-expr","locations":[{"start":{"line":115,"column":15},"end":{"line":115,"column":22}},{"start":{"line":115,"column":26},"end":{"line":115,"column":81}}]},"2":{"loc":{"start":{"line":123,"column":19},"end":{"line":123,"column":61}},"type":"cond-expr","locations":[{"start":{"line":123,"column":34},"end":{"line":123,"column":46}},{"start":{"line":123,"column":49},"end":{"line":123,"column":61}}]}},"s":{"0":0,"1":0,"2":0,"3":0,"4":0,"5":0,"6":0,"7":0,"8":0,"9":0,"10":0,"11":0,"12":0,"13":0,"14":0,"15":0,"16":0,"17":0,"18":0,"19":0,"20":0,"21":0,"22":0,"23":0,"24":0,"25":0,"26":0,"27":0,"28":0,"29":0,"30":0},"f":{"0":0,"1":0,"2":0,"3":0,"4":0,"5":0,"6":0},"b":{"0":[0,0],"1":[0,0],"2":[0,0]}}
[...]
n":37},"end":{"line":247,"column":null}},"type":"cond-expr","locations":[{"start":{"line":240,"column":40},"end":{"line":244,"column":null}},{"start":{"line":247,"column":40},"end":{"line":247,"column":103}}]},"19":{"loc":{"start":{"line":247,"column":70},"end":{"line":247,"column":98}},"type":"binary-expr","locations":[{"start":{"line":247,"column":70},"end":{"line":247,"column":80}},{"start":{"line":247,"column":84},"end":{"line":247,"column":98}}]},"20":{"loc":{"start":{"line":252,"column":29},"end":{"line":282,"column":null}},"type":"binary-expr","locations":[{"start":{"line":252,"column":29},"end":{"line":252,"column":47}},{"start":{"line":253,"column":32},"end":{"line":281,"column":null}}]},"21":{"loc":{"start":{"line":286,"column":29},"end":{"line":305,"column":null}},"type":"binary-expr","locations":[{"start":{"line":286,"column":29},"end":{"line":286,"column":48}},{"start":{"line":287,"column":32},"end":{"line":304,"column":null}}]},"22":{"loc":{"start":{"line":289,"column":41},"end":{"line":302,"column":null}},"type":"cond-expr","locations":[{"start":{"line":290,"column":44},"end":{"line":292,"column":null}},{"start":{"line":295,"column":44},"end":{"line":301,"column":null}}]}},"s":{"0":0,"1":0,"2":0,"3":0,"4":0,"5":0,"6":0,"7":0,"8":0,"9":0,"10":0,"11":0,"12":0,"13":0,"14":0,"15":0,"16":0,"17":0,"18":0,"19":0,"20":0,"21":0,"22":0,"23":0,"24":0,"25":0,"26":0,"27":0,"28":0,"29":0,"30":0,"31":0,"32":0,"33":0,"34":0,"35":0,"36":0,"37":0,"38":0,"39":0,"40":0,"41":0,"42":0,"43":0,"44":0,"45":0,"46":0,"47":0,"48":0,"49":0,"50":0,"51":0,"52":0,"53":0,"54":0,"55":0,"56":0,"57":0,"58":0,"59":0,"60":0,"61":0,"62":0,"63":0,"64":0,"65":0,"66":0,"67":0,"68":0,"69":0,"70":0,"71":0,"72":0,"73":0,"74":0,"75":0,"76":0,"77":0,"78":0,"79":0,"80":0},"f":{"0":0,"1":0,"2":0,"3":0,"4":0,"5":0,"6":0,"7":0,"8":0,"9":0,"10":0,"11":0},"b":{"0":[0,0],"1":[0,0],"2":[0,0],"3":[0,0],"4":[0,0],"5":[0,0],"6":[0,0],"7":[0,0],"8":[0,0],"9":[0,0],"10":[0,0],"11":[0,0],"12":[0,0],"13":[0,0],"14":[0,0],"15":[0,0],"16":[0,0],"17":[0,0],"18":[0,0],"19":[0,0],"20":[0,0],"21":[0,0],"22":[0,0]}}
,"C:\\Users\\joshu\\Desktop\\VS_CODE\\RevTraining\\project1\\Project1-VenueX\\frontend\\src\\user\\Ticket.tsx": {"path":"C:\\Users\\joshu\\Desktop\\VS_CODE\\RevTraining\\project1\\Project1-VenueX\\frontend\\src\\user\\Ticket.tsx","statementMap":{"0":{"start":{"line":55,"column":0},"end":{"line":55,"column":24}},"1":{"start":{"line":1,"column":0},"end":{"line":1,"column":53}},"2":{"start":{"line":2,"column":0},"end":{"line":2,"column":58}},"3":{"start":{"line":3,"column":0},"end":{"line":3,"column":68}},"4":{"start":{"line":27,"column":20},"end":{"line":27,"column":83}},"5":{"start":{"line":27,"column":41},"end":{"line":27,"column":83}},"6":{"start":{"line":31,"column":36},"end":{"line":31,"column":74}},"7":{"start":{"line":33,"column":2},"end":{"line":52,"column":6}},"8":{"start":{"line":35,"column":29},"end":{"line":35,"column":61}},"9":{"start":{"line":37,"column":22},"end":{"line":38,"column":null}},"10":{"start":{"line":38,"column":15},"end":{"line":38,"column":63}},"11":{"start":{"line":41,"column":6},"end":{"line":45,"column":33}},"12":{"start":{"line":50,"column":8},"end":{"line":51,"column":73}},"13":{"start":{"line":56,"column":19},"end":{"line":56,"column":32}},"14":{"start":{"line":57,"column":22},"end":{"line":57,"column":33}},"15":{"start":{"line":59,"column":24},"end":{"line":59,"column":39}},"16":{"start":{"line":61,"column":26},"end":{"line":61,"column":56}},"17":{"start":{"line":62,"column":42},"end":{"line":67,"column":4}},"18":{"start":{"line":69,"column":32},"end":{"line":69,"column":46}},"19":{"start":{"line":70,"column":28},"end":{"line":70,"column":57}},"20":{"start":{"line":73,"column":2},"end":{"line":123,"column":22}},"21":{"start":{"line":74,"column":17},"end":{"line":120,"column":5}},"22":{"start":{"line":75,"column":6},"end":{"line":75,"column":21}},"23":{"start":{"line":77,"column":6},"end":{"line":81,"column":7}},"24":{"start":{"line":78,"column":8},"end":{"line":78,"column":26}},"25":{"start":{"line":79,"column":8},"end":{"line":79,"column":68}},"26":{"start":{"line":80,"column":8},"end":{"line":80,"column":15}},"27":{"start":{"line":83,"column":6},"end":{"line":119,"column":7}},"28":{"start":{"line":84,"column":8},"end":{"line":84,"column":25}},"29":{"start":{"line":86,"column":21},"end":{"line":86,"column":62}},"30":{"start":{"line":87,"column":27},"end":{"line":87,"column":54}},"31":{"start":{"line":88,"column":8},"end":{"line":88,"column":28}},"32":{"start":{"line":91,"column":22},"end":{"line":91,"column":72}},"33":{"start":{"line":92,"column":8},"end":{"line":111,"column":9}},"34":{"start":{"line":93,"column":10},"end":{"line":110,"column":11}},"35":{"start":{"line":94,"column":50},"end":{"line":94,"column":67}},"36":{"start":{"line":96,"column":61},"end":{"line":101,"column":14}},"37":{"start":{"line":103,"column":12},"end":{"line":105,"column":13}},"38":{"start":{"line":104,"column":14},"end":{"line":104,"column":61}},"39":{"start":{"line":107,"column":12},"end":{"line":107,"column":38}},"40":{"start":{"line":113,"column":4},"end":{"line":113,"column":21}},"41":{"start":{"line":114,"column":19},"end":{"line":114,"column":38}},"42":{"start":{"line":115,"column":4},"end":{"line":115,"column":120}},"43":{"start":{"line":118,"column":8},"end":{"line":118,"column":26}},"44":{"start":{"line":122,"column":4},"end":{"line":122,"column":11}},"45":{"start":{"line":126,"column":21},"end":{"line":143,"column":26}},"46":{"start":{"line":127,"column":60},"end":{"line":127,"column":62}},"47":{"start":{"line":129,"column":4},"end":{"line":140,"column":5}},"48":{"start":{"line":130,"column":18},"end":{"line":130,"column":54}},"49":{"start":{"line":132,"column":6},"end":{"line":135,"column":7}},"50":{"start":{"line":133,"column":8},"end":{"line":133,"column":66}},"51":{"start":{"line":134,"column":8},"end":{"line":134,"column":17}},"52":{"start":{"line":137,"column":6},"end":{"line":139,"column":7}},"53":{"start":{"line":138,"column":8},"end":{"line":138,"column":88}},"54":{"start":{"line":142,"column":4},"end":{"line":142,"column":18}},"55":{"start":{"line":145,"column":23},"end":{"line":147,"column":26}},"56":{"start":{"line":146,"column":4},"end":{"line":146,"column":84}},"57":{"start":{"line":146,"column":35},"end":{"line":146,"column":79}},"58":{"start":{"line":149,"column":21},"end":{"line":154,"column":26}},"59":{"start":{"line":150,"column":4},"end":{"line":153,"column":10}},"60":{"start":{"line":151,"column":18},"end":{"line":151,"column":54}},"61":{"start":{"line":152,"column":6},"end":{"line":152,"column":33}},"62":{"start":{"line":157,"column":4},"end":{"line":161,"column":20}},"63":{"start":{"line":163,"column":22},"end":{"line":170,"column":3}},"64":{"start":{"line":164,"column":16},"end":{"line":164,"column":63}},"65":{"start":{"line":166,"column":4},"end":{"line":169,"column":8}},"66":{"start":{"line":166,"column":31},"end":{"line":169,"column":6}},"67":{"start":{"line":172,"column":26},"end":{"line":193,"column":3}},"68":{"start":{"line":173,"column":4},"end":{"line":173,"column":30}},"69":{"start":{"line":173,"column":23},"end":{"line":173,"column":30}},"70":{"start":{"line":175,"column":40},"end":{"line":181,"column":36}},"71":{"start":{"line":176,"column":19},"end":{"line":180,"column":8}},"72":{"start":{"line":181,"column":21},"end":{"line":181,"column":35}},"73":{"start":{"line":183,"column":43},"end":{"line":188,"column":6}},"74":{"start":{"line":190,"column":4},"end":{"line":190,"column":80}},"75":{"start":{"line":192,"column":4},"end":{"line":192,"column":27}},"76":{"start":{"line":195,"column":2},"end":{"line":314,"column":4}},"77":{"start":{"line":221,"column":31},"end":{"line":221,"column":43}},"78":{"start":{"line":246,"column":36},"end":{"line":246,"column":72}},"79":{"start":{"line":247,"column":41},"end":{"line":247,"column":70}},"80":{"start":{"line":249,"column":24},"end":{"line":268,"column":26}},"81":{"start":{"line":261,"column":49},"end":{"line":261,"column":95}},"82":{"start":{"line":294,"column":35},"end":{"line":294,"column":47}}},"fnMap":{"0":{"name":"(anonymous_0)","decl":{"start":{"line":27,"column":20},"end":{"line":27,"column":21}},"loc":{"start":{"line":27,"column":41},"end":{"line":27,"column":83}}},"1":{"name":"normalizeSeatSections","decl":{"start":{"line":30,"column":9},"end":{"line":30,"column":30}},"loc":{"start":{"line":30,"column":57},"end":{"line":53,"column":1}}},"2":{"name":"(anonymous_2)","decl":{"start":{"line":34,"column":9},"end":{"line":34,"column":10}},"loc":{"start":{"line":34,"column":15},"end":{"line":46,"column":5}}},"3":{"name":"(anonymous_3)","decl":{"start":{"line":38,"column":8},"end":{"line":38,"column":9}},"loc":{"start":{"line":38,"column":15},"end":{"line":38,"column":63}}},"4":{"name":"(anonymous_4)","decl":{"start":{"line":49,"column":6},"end":{"line":49,"column":7}},"loc":{"start":{"line":50,"column":8},"end":{"line":51,"column":73}}},"5":{"name":"Ticket","decl":{"start":{"line":55,"column":24},"end":{"line":55,"column":30}},"loc":{"start":{"line":55,"column":30},"end":{"line":315,"column":1}}},"6":{"name":"(anonymous_6)","decl":{"start":{"line":73,"column":12},"end":{"line":73,"column":15}},"loc":{"start":{"line":73,"column":17},"end":{"line":123,"column":3}}},"7":{"name":"(anonymous_7)","decl":{"start":{"line":74,"column":17},"end":{"line":74,"column":22}},"loc":{"start":{"line":74,"column":28},"end":{"line":120,"column":5}}},"8":{"name":"(anonymous_8)","decl":{"start":{"line":126,"column":29},"end":{"line":126,"column":32}},"loc":{"start":{"line":126,"column":34},"end":{"line":143,"column":3}}},"9":{"name":"(anonymous_9)","decl":{"start":{"line":145,"column":31},"end":{"line":145,"column":34}},"loc":{"start":{"line":145,"column":36},"end":{"line":147,"column":3}}},"10":{"name":"(anonymous_10)","decl":{"start":{"line":146,"column":23},"end":{"line":146,"column":24}},"loc":{"start":{"line":146,"column":35},"end":{"line":146,"column":79}}},"11":{"name":"(anonymous_11)","decl":{"start":{"line":149,"column":29},"end":{"line":149,"column":32}},"loc":{"start":{"line":149,"column":34},"end":{"line":154,"column":3}}},"12":{"name":"(anonymous_12)","decl":{"start":{"line":150,"column":23},"end":{"line":150,"column":24}},"loc":{"start":{"line":150,"column":34},"end":{"line":153,"column":5}}},"13":{"name":"(anonymous_13)","decl":{"start":{"line":163,"column":22},"end":{"line":163,"column":23}},"loc":{"start":{"line":163,"column":69},"end":{"line":170,"column":3}}},"14":{"name":"(anonymous_14)","decl":{"start":{"line":166,"column":20},"end":{"line":166,"column":21}},"loc":{"start":{"line":166,"column":31},"end":{"line":169,"column":6}}},"15":{"name":"(anonymous_15)","decl":{"start":{"line":172,"column":26},"end":{"line":172,"column":29}},"loc":{"start":{"line":172,"column":31},"end":{"line":193,"column":3}}},"16":{"name":"(anonymous_16)","decl":{"start":{"line":176,"column":11},"end":{"line":176,"column":12}},"loc":{"start":{"line":176,"column":19},"end":{"line":180,"column":8}}},"17":{"name":"(anonymous_17)","decl":{"start":{"line":181,"column":14},"end":{"line":181,"column":15}},"loc":{"start":{"line":181,"column":21},"end":{"line":181,"column":35}}},"18":{"name":"(anonymous_18)","decl":{"start":{"line":221,"column":25},"end":{"line":221,"column":28}},"loc":{"start":{"line":221,"column":31},"end":{"line":221,"column":43}}},"19":{"name":"(anonymous_19)","decl":{"start":{"line":245,"column":32},"end":{"line":245,"column":33}},"loc":{"start":{"line":245,"column":38},"end":{"line":269,"column":23}}},"20":{"name":"(anonymous_20)","decl":{"start":{"line":261,"column":42},"end":{"line":261,"column":43}},"loc":{"start":{"line":261,"column":49},"end":{"line":261,"column":95}}},"21":{"name":"(anonymous_21)","decl":{"start":{"line":294,"column":29},"end":{"line":294,"column":32}},"loc":{"start":{"line":294,"column":35},"end":{"line":294,"column":47}}}},"branchMap":{"0":{"loc":{"start":{"line":33,"column":10},"end":{"line":33,"column":19}},"type":"binary-expr","locations":[{"start":{"line":33,"column":10},"end":{"line":33,"column":13}},{"start":{"line":33,"column":17},"end":{"line":33,"column":19}}]},"1":{"loc":{"start":{"line":35,"column":30},"end":{"line":35,"column":53}},"type":"binary-expr","locations":[{"start":{"line":35,"column":30},"end":{"line":35,"column":47}},{"start":{"line":35,"column":51},"end":{"line":35,"column":53}}]},"2":{"loc":{"start":{"line":42,"column":26},"end":{"line":42,"column":46}},"type":"binary-expr","locations":[{"start":{"line":42,"column":26},"end":{"line":42,"column":33}},{"start":{"line":42,"column":37},"end":{"line":42,"column":46}}]},"3":{"loc":{"start":{"line":77,"column":6},"end":{"line":81,"column":7}},"type":"if","locations":[{"start":{"line":77,"column":6},"end":{"line":81,"column":7}},{"start":{},"end":{}}]},"4":{"loc":{"start":{"line":77,"column":10},"end":{"line":77,"column":63}},"type":"binary-expr","locations":[{"start":{"line":77,"column":10},"end":{"line":77,"column":41}},{"start":{"line":77,"column":45},"end":{"line":77,"column":63}}]},"5":{"loc":{"start":{"line":92,"column":8},"end":{"line":111,"column":9}},"type":"if","locations":[{"start":{"line":92,"column":8},"end":{"line":111,"column":9}},{"start":{},"end":{}}]},"6":{"loc":{"start":{"line":115,"column":13},"end":{"line":115,"column":118}},"type":"cond-expr","locations":[{"start":{"line":115,"column":22},"end":{"line":115,"column":69}},{"start":{"line":115,"column":72},"end":{"line":115,"column":118}}]},"7":{"loc":{"start":{"line":130,"column":18},"end":{"line":130,"column":54}},"type":"binary-expr","locations":[{"start":{"line":130,"column":18},"end":{"line":130,"column":49}},{"start":{"line":130,"column":53},"end":{"line":130,"column":54}}]},"8":{"loc":{"start":{"line":132,"column":6},"end":{"line":135,"column":7}},"type":"if","locations":[{"start":{"line":132,"column":6},"end":{"line":135,"column":7}},{"start":{},"end":{}}]},"9":{"loc":{"start":{"line":132,"column":10},"end":{"line":132,"column":43}},"type":"binary-expr","locations":[{"start":{"line":132,"column":10},"end":{"line":132,"column":32}},{"start":{"line":132,"column":36},"end":{"line":132,"column":43}}]},"10":{"loc":{"start":{"line":137,"column":6},"end":{"line":139,"column":7}},"type":"if","locations":[{"start":{"line":137,"column":6},"end":{"line":139,"column":7}},{"start":{},"end":{}}]},"11":{"loc":{"start":{"line":146,"column":42},"end":{"line":146,"column":78}},"type":"binary-expr","locations":[{"start":{"line":146,"column":42},"end":{"line":146,"column":73}},{"start":{"line":146,"column":77},"end":{"line":146,"column":78}}]},"12":{"loc":{"start":{"line":151,"column":18},"end":{"line":151,"column":54}},"type":"binary-expr","locations":[{"start":{"line":151,"column":18},"end":{"line":151,"column":49}},{"start":{"line":151,"column":53},"end":{"line":151,"column":54}}]},"13":{"loc":{"start":{"line":157,"column":4},"end":{"line":161,"column":20}},"type":"binary-expr","locations":[{"start":{"line":157,"column":4},"end":{"line":157,"column":12}},{"start":{"line":158,"column":4},"end":{"line":158,"column":10}},{"start":{"line":159,"column":4},"end":{"line":159,"column":19}},{"start":{"line":160,"column":4},"end":{"line":160,"column":40}},{"start":{"line":161,"column":4},"end":{"line":161,"column":20}}]},"14":{"loc":{"start":{"line":164,"column":16},"end":{"line":164,"column":63}},"type":"cond-expr","locations":[{"start":{"line":164,"column":42},"end":{"line":164,"column":43}},{"start":{"line":164,"column":46},"end":{"line":164,"column":63}}]},"15":{"loc":{"start":{"line":168,"column":17},"end":{"line":168,"column":84}},"type":"cond-expr","locations":[{"start":{"line":168,"column":40},"end":{"line":168,"column":68}},{"start":{"line":168,"column":71},"end":{"line":168,"column":84}}]},"16":{"loc":{"start":{"line":173,"column":4},"end":{"line":173,"column":30}},"type":"if","locations":[{"start":{"line":173,"column":4},"end":{"line":173,"column":30}},{"start":{},"end":{}}]},"17":{"loc":{"start":{"line":178,"column":18},"end":{"line":178,"column":54}},"type":"binary-expr","locations":[{"start":{"line":178,"column":18},"end":{"line":178,"column":49}},{"start":{"line":178,"column":53},"end":{"line":178,"column":54}}]},"18":{"loc":{"start":{"line":213,"column":11},"end":{"line":213,"column":79}},"type":"binary-expr","locations":[{"start":{"line":213,"column":11},"end":{"line":213,"column":18}},{"start":{"line":213,"column":22},"end":{"line":213,"column":79}}]},"19":{"loc":{"start":{"line":215,"column":11},"end":{"line":225,"column":null}},"type":"binary-expr","locations":[{"start":{"line":215,"column":11},"end":{"line":215,"column":19}},{"start":{"line":215,"column":23},"end":{"line":215,"column":28}},{"start":{"line":216,"column":12},"end":{"line":224,"column":null}}]},"20":{"loc":{"start":{"line":228,"column":11},"end":{"line":309,"column":null}},"type":"binary-expr","locations":[{"start":{"line":228,"column":11},"end":{"line":228,"column":19}},{"start":{"line":228,"column":23},"end":{"line":228,"column":29}},{"start":{"line":229,"column":12},"end":{"line":308,"column":null}}]},"21":{"loc":{"start":{"line":230,"column":15},"end":{"line":272,"column":null}},"type":"cond-expr","locations":[{"start":{"line":231,"column":16},"end":{"line":231,"column":87}},{"start":{"line":233,"column":16},"end":{"line":271,"column":null}}]},"22":{"loc":{"start":{"line":246,"column":36},"end":{"line":246,"column":72}},"type":"binary-expr","locations":[{"start":{"line":246,"column":36},"end":{"line":246,"column":67}},{"start":{"line":246,"column":71},"end":{"line":246,"column":72}}]},"23":{"loc":{"start":{"line":265,"column":31},"end":{"line":265,"column":98}},"type":"binary-expr","locations":[{"start":{"line":265,"column":31},"end":{"line":265,"column":39}},{"start":{"line":265,"column":43},"end":{"line":265,"column":98}}]},"24":{"loc":{"start":{"line":286,"column":19},"end":{"line":287,"column":null}},"type":"binary-expr","locations":[{"start":{"line":286,"column":19},"end":{"line":286,"column":37}},{"start":{"line":287,"column":20},"end":{"line":287,"column":103}}]}},"s":{"0":0,"1":0,"2":0,"3":0,"4":0,"5":0,"6":0,"7":0,"8":0,"9":0,"10":0,"11":0,"12":0,"13":0,"14":0,"15":0,"16":0,"17":0,"18":0,"19":0,"20":0,"21":0,"22":0,"23":0,"24":0,"25":0,"26":0,"27":0,"28":0,"29":0,"30":0,"31":0,"32":0,"33":0,"34":0,"35":0,"36":0,"37":0,"38":0,"39":0,"40":0,"41":0,"42":0,"43":0,"44":0,"45":0,"46":0,"47":0,"48":0,"49":0,"50":0,"51":0,"52":0,"53":0,"54":0,"55":0,"56":0,"57":0,"58":0,"59":0,"60":0,"61":0,"62":0,"63":0,"64":0,"65":0,"66":0,"67":0,"68":0,"69":0,"70":0,"71":0,"72":0,"73":0,"74":0,"75":0,"76":0,"77":0,"78":0,"79":0,"80":0,"81":0,"82":0},"f":{"0":0,"1":0,"2":0,"3":0,"4":0,"5":0,"6":0,"7":0,"8":0,"9":0,"10":0,"11":0,"12":0,"13":0,"14":0,"15":0,"16":0,"17":0,"18":0,"19":0,"20":0,"21":0},"b":{"0":[0,0],"1":[0,0],"2":[0,0],"3":[0,0],"4":[0,0],"5":[0,0],"6":[0,0],"7":[0,0],"8":[0,0],"9":[0,0],"10":[0,0],"11":[0,0],"12":[0,0],"13":[0,0,0,0,0],"14":[0,0],"15":[0,0],"16":[0,0],"17":[0,0],"18":[0,0],"19":[0,0,0],"20":[0,0,0],"21":[0,0],"22":[0,0],"23":[0,0],"24":[0,0]}}
,"C:\\Users\\joshu\\Desktop\\VS_CODE\\RevTraining\\project1\\Project1-VenueX\\frontend\\src\\user\\UserRoutes.tsx": {"path":"C:\\Users\\joshu\\Desktop\\VS_CODE\\RevTraining\\project1\\Project1-VenueX\\frontend\\src\\user\\UserRoutes.tsx","statementMap":{"0":{"start":{"line":6,"column":0},"end":{"line":6,"column":24}},"1":{"start":{"line":1,"column":0},"end":{"line":1,"column":59}},"2":{"start":{"line":2,"column":0},"end":{"line":2,"column":26}},"3":{"start":{"line":3,"column":0},"end":{"line":3,"column":34}},"4":{"start":{"line":4,"column":0},"end":{"line":4,"column":34}},"5":{"start":{"line":7,"column":2},"end":{"line":14,"column":4}}},"fnMap":{"0":{"name":"UserRoutes","decl":{"start":{"line":6,"column":24},"end":{"line":6,"column":34}},"loc":{"start":{"line":6,"column":34},"end":{"line":15,"column":1}}}},"branchMap":{},"s":{"0":0,"1":0,"2":0,"3":0,"4":0,"5":0},"f":{"0":0},"b":{}}
}
