TN:
SF:src\App.tsx
FN:26,App
FNF:1
FNH:0
FNDA:0,App
DA:1,0
DA:2,0
DA:3,0
DA:4,0
DA:5,0
DA:6,0
DA:7,0
DA:8,0
DA:9,0
DA:10,0
DA:11,0
DA:12,0
DA:13,0
DA:14,0
DA:15,0
DA:16,0
DA:17,0
DA:18,0
DA:19,0
DA:20,0
DA:21,0
DA:22,0
DA:23,0
DA:24,0
DA:26,0
DA:27,0
LF:26
LH:0
BRF:0
BRH:0
end_of_record
TN:
SF:src\main.tsx
FNF:0
FNH:0
DA:1,0
DA:2,0
DA:3,0
DA:4,0
DA:5,0
DA:6,0
DA:8,0
LF:7
LH:0
BRF:0
BRH:0
end_of_record
TN:
SF:src\admin\AdminDashboard.tsx
FN:6,(anonymous_0)
FN:12,(anonymous_1)
FN:13,(anonymous_2)
FN:36,(anonymous_3)
FN:40,(anonymous_4)
FN:48,(anonymous_5)
FN:78,(anonymous_6)
FN:85,(anonymous_7)
FN:114,(anonymous_8)
FNF:9
FNH:0
FNDA:0,(anonymous_0)
FNDA:0,(anonymous_1)
FNDA:0,(anonymous_2)
FNDA:0,(anonymous_3)
FNDA:0,(anonymous_4)
FNDA:0,(anonymous_5)
FNDA:0,(anonymous_6)
FNDA:0,(anonymous_7)
FNDA:0,(anonymous_8)
DA:1,0
DA:2,0
DA:3,0
DA:6,0
DA:7,0
DA:8,0
DA:9,0
DA:10,0
DA:12,0
DA:13,0
DA:16,0
DA:18,0
DA:20,0
DA:24,0
DA:25,0
DA:26,0
DA:28,0
DA:29,0
DA:31,0
DA:36,0
DA:37,0
DA:40,0
DA:43,0
DA:45,0
DA:48,0
DA:52,0
DA:78,0
DA:85,0
DA:115,0
DA:143,0
LF:30
LH:0
BRDA:16,0,0,0
BRDA:16,0,1,0
BRDA:20,1,0,0
BRDA:20,1,1,0
BRDA:29,2,0,0
BRDA:29,2,1,0
BRDA:43,3,0,0
BRDA:43,3,1,0
BRDA:45,4,0,0
BRDA:45,4,1,0
BRDA:83,5,0,0
BRDA:83,5,1,0
BRDA:94,6,0,0
BRDA:94,6,1,0
BRDA:94,6,2,0
BRDA:124,7,0,0
BRDA:124,7,1,0
BRF:17
BRH:0
end_of_record
TN:
SF:src\admin\AdminProtectedRoute.tsx
FN:5,(anonymous_0)
FNF:1
FNH:0
FNDA:0,(anonymous_0)
DA:1,0
DA:2,0
DA:5,0
DA:6,0
DA:9,0
DA:11,0
DA:12,0
DA:13,0
DA:16,0
DA:19,0
LF:10
LH:0
BRDA:9,0,0,0
BRDA:9,0,1,0
BRDA:11,1,0,0
BRDA:11,1,1,0
BRDA:11,2,0,0
BRDA:11,2,1,0
BRF:6
BRH:0
end_of_record
TN:
SF:src\api\auth.api.ts
FN:23,(anonymous_0)
FN:54,(anonymous_1)
FN:77,(anonymous_2)
FN:87,(anonymous_3)
FNF:4
FNH:0
FNDA:0,(anonymous_0)
FNDA:0,(anonymous_1)
FNDA:0,(anonymous_2)
FNDA:0,(anonymous_3)
DA:1,0
DA:23,0
DA:24,0
DA:25,0
DA:27,0
DA:29,0
DA:30,0
DA:31,0
DA:32,0
DA:33,0
DA:34,0
DA:35,0
DA:36,0
DA:39,0
DA:41,0
DA:54,0
DA:55,0
DA:56,0
DA:58,0
DA:61,0
DA:62,0
DA:63,0
DA:64,0
DA:65,0
DA:66,0
DA:67,0
DA:68,0
DA:71,0
DA:73,0
DA:77,0
DA:78,0
DA:79,0
DA:80,0
DA:81,0
DA:82,0
DA:83,0
DA:84,0
DA:87,0
DA:89,0
DA:90,0
LF:40
LH:0
BRDA:29,0,0,0
BRDA:29,0,1,0
BRDA:36,1,0,0
BRDA:36,1,1,0
BRDA:61,2,0,0
BRDA:61,2,1,0
BRDA:68,3,0,0
BRDA:68,3,1,0
BRF:8
BRH:0
end_of_record
TN:
SF:src\api\axios.config.ts
FN:8,(anonymous_0)
FN:19,(anonymous_1)
FN:20,(anonymous_2)
FNF:3
FNH:0
FNDA:0,(anonymous_0)
FNDA:0,(anonymous_1)
FNDA:0,(anonymous_2)
DA:1,0
DA:3,0
DA:8,0
DA:9,0
DA:10,0
DA:11,0
DA:12,0
DA:14,0
DA:18,0
DA:19,0
DA:21,0
DA:23,0
DA:24,0
DA:26,0
DA:30,0
LF:15
LH:0
BRDA:4,0,0,0
BRDA:4,0,1,0
BRDA:10,1,0,0
BRDA:10,1,1,0
BRDA:11,2,0,0
BRDA:11,2,1,0
BRDA:21,3,0,0
BRDA:21,3,1,0
BRDA:21,4,0,0
BRDA:21,4,1,0
BRF:10
BRH:0
end_of_record
TN:
SF:src\api\axios.ts
FN:3,(anonymous_0)
FN:12,(anonymous_1)
FNF:2
FNH:0
FNDA:0,(anonymous_0)
FNDA:0,(anonymous_1)
DA:1,0
DA:3,0
DA:4,0
DA:5,0
DA:8,0
DA:12,0
DA:13,0
DA:15,0
DA:16,0
DA:19,0
DA:22,0
LF:11
LH:0
BRDA:15,0,0,0
BRDA:15,0,1,0
BRF:2
BRH:0
end_of_record
TN:
SF:src\api\bookings.api.ts
FN:11,(anonymous_0)
FN:17,(anonymous_1)
FNF:2
FNH:0
FNDA:0,(anonymous_0)
FNDA:0,(anonymous_1)
DA:1,0
DA:11,0
DA:12,0
DA:17,0
LF:4
LH:0
BRDA:13,0,0,0
BRDA:13,0,1,0
BRDA:17,1,0,0
BRDA:17,1,1,0
BRF:4
BRH:0
end_of_record
TN:
SF:src\api\checkout.api.ts
FN:5,(anonymous_0)
FN:15,(anonymous_1)
FNF:2
FNH:0
FNDA:0,(anonymous_0)
FNDA:0,(anonymous_1)
DA:1,0
DA:5,0
DA:8,0
DA:11,0
DA:15,0
DA:16,0
DA:21,0
LF:7
LH:0
BRF:0
BRH:0
end_of_record
TN:
SF:src\api\eventSeatSections.api.ts
FN:54,(anonymous_0)
FN:61,(anonymous_1)
FNF:2
FNH:0
FNDA:0,(anonymous_0)
FNDA:0,(anonymous_1)
DA:36,0
DA:54,0
DA:57,0
DA:61,0
LF:4
LH:0
BRDA:61,0,0,0
BRDA:61,0,1,0
BRF:2
BRH:0
end_of_record
TN:
SF:src\api\events.api.ts
FN:6,(anonymous_0)
FN:9,(anonymous_1)
FN:12,(anonymous_2)
FN:16,(anonymous_3)
FN:19,(anonymous_4)
FN:22,(anonymous_5)
FN:25,(anonymous_6)
FN:30,(anonymous_7)
FN:33,(anonymous_8)
FNF:9
FNH:0
FNDA:0,(anonymous_0)
FNDA:0,(anonymous_1)
FNDA:0,(anonymous_2)
FNDA:0,(anonymous_3)
FNDA:0,(anonymous_4)
FNDA:0,(anonymous_5)
FNDA:0,(anonymous_6)
FNDA:0,(anonymous_7)
FNDA:0,(anonymous_8)
DA:4,0
DA:6,0
DA:7,0
DA:9,0
DA:10,0
DA:12,0
DA:13,0
DA:16,0
DA:17,0
DA:19,0
DA:20,0
DA:22,0
DA:23,0
DA:25,0
DA:26,0
DA:30,0
DA:31,0
DA:33,0
DA:34,0
LF:19
LH:0
BRF:0
BRH:0
end_of_record
TN:
SF:src\api\tickets.api.ts
FN:9,(anonymous_0)
FNF:1
FNH:0
FNDA:0,(anonymous_0)
DA:1,0
DA:9,0
DA:12,0
DA:15,0
LF:4
LH:0
BRF:0
BRH:0
end_of_record
TN:
SF:src\api\user.api.ts
FN:3,(anonymous_0)
FN:8,(anonymous_1)
FN:17,(anonymous_2)
FN:23,(anonymous_3)
FNF:4
FNH:0
FNDA:0,(anonymous_0)
FNDA:0,(anonymous_1)
FNDA:0,(anonymous_2)
FNDA:0,(anonymous_3)
DA:1,0
DA:3,0
DA:4,0
DA:5,0
DA:8,0
DA:10,0
DA:14,0
DA:17,0
DA:19,0
DA:20,0
DA:23,0
DA:25,0
DA:26,0
LF:13
LH:0
BRF:0
BRH:0
end_of_record
TN:
SF:src\api\venue.api.ts
FN:6,(anonymous_0)
FN:8,(anonymous_1)
FN:11,(anonymous_2)
FN:15,(anonymous_3)
FN:18,(anonymous_4)
FN:21,(anonymous_5)
FN:24,(anonymous_6)
FN:27,(anonymous_7)
FNF:8
FNH:0
FNDA:0,(anonymous_0)
FNDA:0,(anonymous_1)
FNDA:0,(anonymous_2)
FNDA:0,(anonymous_3)
FNDA:0,(anonymous_4)
FNDA:0,(anonymous_5)
FNDA:0,(anonymous_6)
FNDA:0,(anonymous_7)
DA:1,0
DA:6,0
DA:8,0
DA:9,0
DA:11,0
DA:12,0
DA:15,0
DA:16,0
DA:18,0
DA:19,0
DA:21,0
DA:22,0
DA:24,0
DA:25,0
DA:27,0
DA:28,0
LF:16
LH:0
BRF:0
BRH:0
end_of_record
TN:
SF:src\auth\AuthContext.tsx
FN:15,(anonymous_0)
FN:19,(anonymous_1)
FN:39,(anonymous_2)
FN:44,(anonymous_3)
FN:57,(anonymous_4)
FNF:5
FNH:0
FNDA:0,(anonymous_0)
FNDA:0,(anonymous_1)
FNDA:0,(anonymous_2)
FNDA:0,(anonymous_3)
FNDA:0,(anonymous_4)
DA:1,0
DA:2,0
DA:4,0
DA:13,0
DA:15,0
DA:16,0
DA:19,0
DA:20,0
DA:21,0
DA:23,0
DA:25,0
DA:37,0
DA:39,0
DA:41,0
DA:44,0
DA:45,0
DA:46,0
DA:47,0
DA:50,0
DA:57,0
DA:58,0
DA:59,0
DA:60,0
LF:23
LH:0
BRDA:23,0,0,0
BRDA:23,0,1,0
BRDA:23,1,0,0
BRDA:23,1,1,0
BRDA:27,2,0,0
BRDA:27,2,1,0
BRDA:28,3,0,0
BRDA:28,3,1,0
BRDA:29,4,0,0
BRDA:29,4,1,0
BRDA:30,5,0,0
BRDA:30,5,1,0
BRDA:31,6,0,0
BRDA:31,6,1,0
BRDA:59,7,0,0
BRDA:59,7,1,0
BRF:16
BRH:0
end_of_record
TN:
SF:src\auth\RoleGate.tsx
FN:8,RoleGate
FNF:1
FNH:0
FNDA:0,RoleGate
DA:1,0
DA:8,0
DA:9,0
DA:11,0
DA:12,0
DA:14,0
LF:6
LH:0
BRDA:11,0,0,0
BRDA:11,0,1,0
BRDA:12,1,0,0
BRDA:12,1,1,0
BRF:4
BRH:0
end_of_record
TN:
SF:src\components\Blank.tsx
FN:13,Blank
FNF:1
FNH:0
FNDA:0,Blank
DA:13,0
DA:14,0
LF:2
LH:0
BRF:0
BRH:0
end_of_record
TN:
SF:src\components\EventCard.tsx
FN:10,EventCard
FN:23,(anonymous_1)
FN:32,(anonymous_2)
FN:72,(anonymous_3)
FN:85,(anonymous_4)
FNF:5
FNH:0
FNDA:0,EventCard
FNDA:0,(anonymous_1)
FNDA:0,(anonymous_2)
FNDA:0,(anonymous_3)
FNDA:0,(anonymous_4)
DA:1,0
DA:3,0
DA:4,0
DA:10,0
DA:11,0
DA:13,0
DA:18,0
DA:20,0
DA:21,0
DA:23,0
DA:33,0
DA:73,0
DA:74,0
DA:86,0
DA:87,0
DA:88,0
DA:89,0
DA:91,0
LF:18
LH:0
BRDA:43,0,0,0
BRDA:43,0,1,0
BRDA:87,1,0,0
BRDA:87,1,1,0
BRF:4
BRH:0
end_of_record
TN:
SF:src\components\Footer.tsx
FN:1,Footer
FNF:1
FNH:0
FNDA:0,Footer
DA:1,0
DA:2,0
LF:2
LH:0
BRF:0
BRH:0
end_of_record
TN:
SF:src\components\HeroSection.tsx
FN:1,HeroSection
FNF:1
FNH:0
FNDA:0,HeroSection
DA:1,0
DA:2,0
LF:2
LH:0
BRF:0
BRH:0
end_of_record
TN:
SF:src\components\HostRequestCard.tsx
FN:3,HostRequestCard
FN:5,deleteNotification
FN:11,(anonymous_2)
FN:44,(anonymous_3)
FNF:4
FNH:0
FNDA:0,HostRequestCard
FNDA:0,deleteNotification
FNDA:0,(anonymous_2)
FNDA:0,(anonymous_3)
DA:1,0
DA:3,0
DA:6,0
DA:7,0
DA:8,0
DA:11,0
DA:12,0
DA:17,0
DA:44,0
LF:9
LH:0
BRDA:7,0,0,0
BRDA:7,0,1,0
BRF:2
BRH:0
end_of_record
TN:
SF:src\components\NotificationCard.tsx
FN:3,NotificationCard
FN:5,deleteNotification
FN:11,(anonymous_2)
FN:44,(anonymous_3)
FNF:4
FNH:0
FNDA:0,NotificationCard
FNDA:0,deleteNotification
FNDA:0,(anonymous_2)
FNDA:0,(anonymous_3)
DA:1,0
DA:3,0
DA:6,0
DA:7,0
DA:8,0
DA:11,0
DA:12,0
DA:17,0
DA:44,0
LF:9
LH:0
BRDA:7,0,0,0
BRDA:7,0,1,0
BRF:2
BRH:0
end_of_record
TN:
SF:src\components\OrganizerPromo.tsx
FN:3,OrganizerPromo
FNF:1
FNH:0
FNDA:0,OrganizerPromo
DA:1,0
DA:3,0
DA:4,0
LF:3
LH:0
BRF:0
BRH:0
end_of_record
TN:
SF:src\components\TrendingEvents.tsx
FN:8,TrendingEvents
FN:14,(anonymous_1)
FN:19,(anonymous_2)
FN:20,(anonymous_3)
FN:48,(anonymous_4)
FN:58,(anonymous_5)
FN:70,(anonymous_6)
FNF:7
FNH:0
FNDA:0,TrendingEvents
FNDA:0,(anonymous_1)
FNDA:0,(anonymous_2)
FNDA:0,(anonymous_3)
FNDA:0,(anonymous_4)
FNDA:0,(anonymous_5)
FNDA:0,(anonymous_6)
DA:1,0
DA:2,0
DA:3,0
DA:5,0
DA:6,0
DA:8,0
DA:9,0
DA:10,0
DA:11,0
DA:12,0
DA:14,0
DA:15,0
DA:16,0
DA:18,0
DA:19,0
DA:20,0
DA:23,0
DA:25,0
DA:48,0
DA:58,0
DA:71,0
LF:21
LH:0
BRDA:16,0,0,0
BRDA:16,0,1,0
BRDA:23,1,0,0
BRDA:23,1,1,0
BRDA:31,2,0,0
BRDA:31,2,1,0
BRDA:54,3,0,0
BRDA:54,3,1,0
BRF:8
BRH:0
end_of_record
TN:
SF:src\components\VenueCard.tsx
FN:9,VenueCard
FN:79,(anonymous_1)
FN:89,(anonymous_2)
FNF:3
FNH:0
FNDA:0,VenueCard
FNDA:0,(anonymous_1)
FNDA:0,(anonymous_2)
DA:1,0
DA:2,0
DA:9,0
DA:10,0
DA:11,0
DA:80,0
DA:81,0
DA:90,0
DA:91,0
LF:9
LH:0
BRF:0
BRH:0
end_of_record
TN:
SF:src\components\Calendar\Calendar.tsx
FN:17,Calendar
FN:33,(anonymous_1)
FN:47,(anonymous_2)
FN:68,(anonymous_3)
FN:80,(anonymous_4)
FN:90,(anonymous_5)
FN:96,(anonymous_6)
FN:114,(anonymous_7)
FN:128,(anonymous_8)
FN:129,(anonymous_9)
FN:129,(anonymous_10)
FN:138,(anonymous_11)
FN:147,(anonymous_12)
FNF:13
FNH:0
FNDA:0,Calendar
FNDA:0,(anonymous_1)
FNDA:0,(anonymous_2)
FNDA:0,(anonymous_3)
FNDA:0,(anonymous_4)
FNDA:0,(anonymous_5)
FNDA:0,(anonymous_6)
FNDA:0,(anonymous_7)
FNDA:0,(anonymous_8)
FNDA:0,(anonymous_9)
FNDA:0,(anonymous_10)
FNDA:0,(anonymous_11)
FNDA:0,(anonymous_12)
DA:1,0
DA:2,0
DA:10,0
DA:15,0
DA:17,0
DA:18,0
DA:20,0
DA:21,0
DA:23,0
DA:24,0
DA:25,0
DA:27,0
DA:28,0
DA:30,0
DA:31,0
DA:33,0
DA:34,0
DA:36,0
DA:37,0
DA:40,0
DA:41,0
DA:44,0
DA:47,0
DA:48,0
DA:51,0
DA:55,0
DA:59,0
DA:69,0
DA:81,0
DA:91,0
DA:97,0
DA:98,0
DA:102,0
DA:107,0
DA:111,0
DA:114,0
DA:128,0
DA:129,0
DA:130,0
DA:138,0
DA:147,0
LF:41
LH:0
BRDA:51,0,0,0
BRDA:51,0,1,0
BRDA:55,1,0,0
BRDA:55,1,1,0
BRDA:97,2,0,0
BRDA:97,2,1,0
BRDA:102,3,0,0
BRDA:102,3,1,0
BRDA:102,3,2,0
BRDA:107,4,0,0
BRDA:107,4,1,0
BRDA:107,4,2,0
BRDA:116,5,0,0
BRDA:116,5,1,0
BRDA:117,6,0,0
BRDA:117,6,1,0
BRDA:155,7,0,0
BRDA:155,7,1,0
BRF:18
BRH:0
end_of_record
TN:
SF:src\components\navbar\AuthButtons.tsx
FN:6,(anonymous_0)
FNF:1
FNH:0
FNDA:0,(anonymous_0)
DA:6,0
DA:7,0
LF:2
LH:0
BRF:0
BRH:0
end_of_record
TN:
SF:src\components\navbar\Icons.tsx
FN:1,(anonymous_0)
FN:9,(anonymous_1)
FN:20,(anonymous_2)
FN:36,(anonymous_3)
FN:52,(anonymous_4)
FNF:5
FNH:0
FNDA:0,(anonymous_0)
FNDA:0,(anonymous_1)
FNDA:0,(anonymous_2)
FNDA:0,(anonymous_3)
FNDA:0,(anonymous_4)
DA:1,0
DA:2,0
DA:9,0
DA:10,0
DA:20,0
DA:21,0
DA:36,0
DA:37,0
DA:52,0
DA:53,0
LF:10
LH:0
BRF:0
BRH:0
end_of_record
TN:
SF:src\components\navbar\Navbar.tsx
FN:6,Navbar
FN:18,(anonymous_1)
FN:34,(anonymous_2)
FN:55,(anonymous_3)
FNF:4
FNH:0
FNDA:0,Navbar
FNDA:0,(anonymous_1)
FNDA:0,(anonymous_2)
FNDA:0,(anonymous_3)
DA:1,0
DA:2,0
DA:3,0
DA:4,0
DA:6,0
DA:7,0
DA:8,0
DA:10,0
DA:18,0
DA:34,0
DA:55,0
LF:11
LH:0
BRF:0
BRH:0
end_of_record
TN:
SF:src\components\navbar\UserActions.tsx
FN:18,(anonymous_0)
FN:27,(anonymous_1)
FN:38,(anonymous_2)
FN:56,(anonymous_3)
FN:111,(anonymous_4)
FNF:5
FNH:0
FNDA:0,(anonymous_0)
FNDA:0,(anonymous_1)
FNDA:0,(anonymous_2)
FNDA:0,(anonymous_3)
FNDA:0,(anonymous_4)
DA:1,0
DA:2,0
DA:3,0
DA:4,0
DA:5,0
DA:6,0
DA:18,0
DA:19,0
DA:27,0
DA:28,0
DA:38,0
DA:47,0
DA:56,0
DA:65,0
DA:66,0
DA:68,0
DA:111,0
LF:17
LH:0
BRDA:57,0,0,0
BRDA:58,1,0,0
BRDA:59,2,0,0
BRDA:70,3,0,0
BRDA:70,3,1,0
BRDA:75,4,0,0
BRDA:75,4,1,0
BRDA:81,5,0,0
BRDA:81,5,1,0
BRDA:88,6,0,0
BRDA:88,6,1,0
BRF:11
BRH:0
end_of_record
TN:
SF:src\pages\ContactForm.tsx
FN:13,(anonymous_0)
FN:25,(anonymous_1)
FN:29,(anonymous_2)
FN:32,(anonymous_3)
FN:39,(anonymous_4)
FN:40,(anonymous_5)
FN:41,(anonymous_6)
FNF:7
FNH:0
FNDA:0,(anonymous_0)
FNDA:0,(anonymous_1)
FNDA:0,(anonymous_2)
FNDA:0,(anonymous_3)
FNDA:0,(anonymous_4)
FNDA:0,(anonymous_5)
FNDA:0,(anonymous_6)
DA:1,0
DA:2,0
DA:3,0
DA:4,0
DA:13,0
DA:14,0
DA:21,0
DA:22,0
DA:23,0
DA:25,0
DA:28,0
DA:29,0
DA:32,0
DA:33,0
DA:34,0
DA:35,0
DA:36,0
DA:38,0
DA:39,0
DA:40,0
DA:41,0
DA:44,0
DA:46,0
DA:47,0
DA:48,0
DA:50,0
DA:52,0
DA:56,0
DA:130,0
LF:29
LH:0
BRDA:114,0,0,0
BRDA:114,0,1,0
BRDA:115,1,0,0
BRDA:115,1,1,0
BRDA:123,2,0,0
BRDA:123,2,1,0
BRF:6
BRH:0
end_of_record
TN:
SF:src\pages\CreateEvent.tsx
FN:23,CreateEvent
FN:49,(anonymous_1)
FN:51,(anonymous_2)
FN:52,(anonymous_3)
FN:55,(anonymous_4)
FN:59,(anonymous_5)
FN:62,(anonymous_6)
FN:64,(anonymous_7)
FN:68,(anonymous_8)
FN:72,(anonymous_9)
FN:75,(anonymous_10)
FN:86,(anonymous_11)
FN:114,(anonymous_12)
FN:123,(anonymous_13)
FN:124,(anonymous_14)
FN:176,(anonymous_15)
FN:278,(anonymous_16)
FNF:17
FNH:0
FNDA:0,CreateEvent
FNDA:0,(anonymous_1)
FNDA:0,(anonymous_2)
FNDA:0,(anonymous_3)
FNDA:0,(anonymous_4)
FNDA:0,(anonymous_5)
FNDA:0,(anonymous_6)
FNDA:0,(anonymous_7)
FNDA:0,(anonymous_8)
FNDA:0,(anonymous_9)
FNDA:0,(anonymous_10)
FNDA:0,(anonymous_11)
FNDA:0,(anonymous_12)
FNDA:0,(anonymous_13)
FNDA:0,(anonymous_14)
FNDA:0,(anonymous_15)
FNDA:0,(anonymous_16)
DA:1,0
DA:2,0
DA:3,0
DA:4,0
DA:5,0
DA:6,0
DA:7,0
DA:8,0
DA:23,0
DA:24,0
DA:26,0
DA:33,0
DA:34,0
DA:35,0
DA:36,0
DA:37,0
DA:38,0
DA:39,0
DA:42,0
DA:49,0
DA:50,0
DA:51,0
DA:52,0
DA:55,0
DA:58,0
DA:59,0
DA:61,0
DA:62,0
DA:64,0
DA:68,0
DA:71,0
DA:72,0
DA:75,0
DA:76,0
DA:77,0
DA:78,0
DA:79,0
DA:80,0
DA:82,0
DA:83,0
DA:86,0
DA:87,0
DA:89,0
DA:90,0
DA:91,0
DA:94,0
DA:95,0
DA:97,0
DA:98,0
DA:105,0
DA:106,0
DA:108,0
DA:110,0
DA:114,0
DA:115,0
DA:116,0
DA:118,0
DA:119,0
DA:121,0
DA:122,0
DA:123,0
DA:124,0
DA:129,0
DA:130,0
DA:131,0
DA:134,0
DA:135,0
DA:137,0
DA:138,0
DA:140,0
DA:145,0
DA:177,0
DA:279,0
LF:73
LH:0
BRDA:61,0,0,0
BRDA:61,0,1,0
BRDA:62,1,0,0
BRDA:62,1,1,0
BRDA:77,2,0,0
BRDA:77,2,1,0
BRDA:78,3,0,0
BRDA:78,3,1,0
BRDA:79,4,0,0
BRDA:79,4,1,0
BRDA:80,5,0,0
BRDA:80,5,1,0
BRDA:89,6,0,0
BRDA:89,6,1,0
BRDA:108,7,0,0
BRDA:108,7,1,0
BRDA:116,8,0,0
BRDA:116,8,1,0
BRDA:123,9,0,0
BRDA:123,9,1,0
BRDA:129,10,0,0
BRDA:129,10,1,0
BRDA:137,11,0,0
BRDA:137,11,1,0
BRDA:168,12,0,0
BRDA:168,12,1,0
BRDA:171,13,0,0
BRDA:171,13,1,0
BRDA:172,14,0,0
BRDA:172,14,1,0
BRDA:182,15,0,0
BRDA:182,15,1,0
BRDA:199,16,0,0
BRDA:199,16,1,0
BRDA:203,17,0,0
BRDA:203,17,1,0
BRDA:220,18,0,0
BRDA:220,18,1,0
BRDA:224,19,0,0
BRDA:224,19,1,0
BRDA:241,20,0,0
BRDA:241,20,1,0
BRDA:245,21,0,0
BRDA:245,21,1,0
BRDA:257,22,0,0
BRDA:257,22,1,0
BRDA:266,23,0,0
BRDA:266,23,1,0
BRDA:271,24,0,0
BRDA:271,24,1,0
BRDA:295,25,0,0
BRDA:295,25,1,0
BRDA:304,26,0,0
BRDA:304,26,1,0
BRF:54
BRH:0
end_of_record
TN:
SF:src\pages\Dashboard.tsx
FN:5,Page
FNF:1
FNH:0
FNDA:0,Page
DA:1,0
DA:2,0
DA:3,0
DA:5,0
DA:6,0
LF:5
LH:0
BRF:0
BRH:0
end_of_record
TN:
SF:src\pages\EditEvent.tsx
FN:14,EditEvent
FN:41,(anonymous_1)
FN:43,(anonymous_2)
FN:47,(anonymous_3)
FN:49,(anonymous_4)
FN:54,(anonymous_5)
FN:62,(anonymous_6)
FN:78,(anonymous_7)
FN:80,(anonymous_8)
FN:81,(anonymous_9)
FN:89,(anonymous_10)
FN:114,(anonymous_11)
FN:147,(anonymous_12)
FN:234,(anonymous_13)
FN:282,(anonymous_14)
FNF:15
FNH:0
FNDA:0,EditEvent
FNDA:0,(anonymous_1)
FNDA:0,(anonymous_2)
FNDA:0,(anonymous_3)
FNDA:0,(anonymous_4)
FNDA:0,(anonymous_5)
FNDA:0,(anonymous_6)
FNDA:0,(anonymous_7)
FNDA:0,(anonymous_8)
FNDA:0,(anonymous_9)
FNDA:0,(anonymous_10)
FNDA:0,(anonymous_11)
FNDA:0,(anonymous_12)
FNDA:0,(anonymous_13)
FNDA:0,(anonymous_14)
DA:1,0
DA:2,0
DA:3,0
DA:4,0
DA:5,0
DA:6,0
DA:14,0
DA:15,0
DA:16,0
DA:17,0
DA:20,0
DA:27,0
DA:34,0
DA:35,0
DA:38,0
DA:39,0
DA:41,0
DA:42,0
DA:43,0
DA:44,0
DA:47,0
DA:48,0
DA:49,0
DA:50,0
DA:54,0
DA:55,0
DA:56,0
DA:57,0
DA:58,0
DA:59,0
DA:62,0
DA:63,0
DA:67,0
DA:69,0
DA:70,0
DA:71,0
DA:73,0
DA:78,0
DA:79,0
DA:80,0
DA:81,0
DA:86,0
DA:89,0
DA:90,0
DA:91,0
DA:94,0
DA:95,0
DA:96,0
DA:99,0
DA:100,0
DA:102,0
DA:103,0
DA:104,0
DA:105,0
DA:107,0
DA:108,0
DA:110,0
DA:114,0
DA:115,0
DA:116,0
DA:118,0
DA:119,0
DA:120,0
DA:123,0
DA:124,0
DA:126,0
DA:127,0
DA:128,0
DA:129,0
DA:131,0
DA:132,0
DA:134,0
DA:138,0
DA:148,0
DA:149,0
DA:235,0
DA:282,0
LF:77
LH:0
BRDA:44,0,0,0
BRDA:44,0,1,0
BRDA:50,1,0,0
BRDA:50,1,1,0
BRDA:56,2,0,0
BRDA:56,2,1,0
BRDA:57,3,0,0
BRDA:57,3,1,0
BRDA:58,4,0,0
BRDA:58,4,1,0
BRDA:67,5,0,0
BRDA:67,5,1,0
BRDA:73,6,0,0
BRDA:73,6,1,0
BRDA:80,7,0,0
BRDA:80,7,1,0
BRDA:80,7,2,0
BRDA:94,8,0,0
BRDA:94,8,1,0
BRDA:107,9,0,0
BRDA:107,9,1,0
BRDA:118,10,0,0
BRDA:118,10,1,0
BRDA:131,11,0,0
BRDA:131,11,1,0
BRDA:204,12,0,0
BRDA:204,12,1,0
BRDA:206,13,0,0
BRDA:206,13,1,0
BRDA:211,14,0,0
BRDA:211,14,1,0
BRDA:225,15,0,0
BRDA:225,15,1,0
BRDA:244,16,0,0
BRDA:244,16,1,0
BRDA:254,17,0,0
BRDA:254,17,1,0
BRDA:256,18,0,0
BRDA:256,18,1,0
BRDA:261,19,0,0
BRDA:261,19,1,0
BRDA:275,20,0,0
BRDA:275,20,1,0
BRF:43
BRH:0
end_of_record
TN:
SF:src\pages\EventDetails.tsx
FN:9,EventDetails
FN:17,(anonymous_1)
FN:24,(anonymous_2)
FN:28,(anonymous_3)
FN:114,(anonymous_4)
FN:137,(anonymous_5)
FNF:6
FNH:0
FNDA:0,EventDetails
FNDA:0,(anonymous_1)
FNDA:0,(anonymous_2)
FNDA:0,(anonymous_3)
FNDA:0,(anonymous_4)
FNDA:0,(anonymous_5)
DA:1,0
DA:2,0
DA:3,0
DA:6,0
DA:7,0
DA:9,0
DA:10,0
DA:12,0
DA:13,0
DA:14,0
DA:15,0
DA:17,0
DA:18,0
DA:20,0
DA:25,0
DA:26,0
DA:28,0
DA:31,0
DA:32,0
DA:35,0
DA:36,0
DA:39,0
DA:115,0
DA:138,0
DA:139,0
LF:25
LH:0
BRDA:18,0,0,0
BRDA:18,0,1,0
BRDA:18,1,0,0
BRDA:18,1,1,0
BRDA:31,2,0,0
BRDA:31,2,1,0
BRDA:35,3,0,0
BRDA:35,3,1,0
BRDA:88,4,0,0
BRDA:88,4,1,0
BRF:10
BRH:0
end_of_record
TN:
SF:src\pages\Home.tsx
FN:8,Home
FNF:1
FNH:0
FNDA:0,Home
DA:1,0
DA:2,0
DA:3,0
DA:4,0
DA:5,0
DA:6,0
DA:8,0
DA:9,0
DA:10,0
LF:9
LH:0
BRDA:15,0,0,0
BRDA:15,0,1,0
BRDA:15,0,2,0
BRF:3
BRH:0
end_of_record
TN:
SF:src\pages\HostRequests.tsx
FN:6,HostRequests
FNF:1
FNH:0
FNDA:0,HostRequests
DA:1,0
DA:2,0
DA:3,0
DA:4,0
DA:6,0
DA:9,0
LF:6
LH:0
BRF:0
BRH:0
end_of_record
TN:
SF:src\pages\Login.tsx
FN:6,(anonymous_0)
FN:17,(anonymous_1)
FN:21,(anonymous_2)
FNF:3
FNH:0
FNDA:0,(anonymous_0)
FNDA:0,(anonymous_1)
FNDA:0,(anonymous_2)
DA:1,0
DA:2,0
DA:3,0
DA:4,0
DA:6,0
DA:7,0
DA:8,0
DA:9,0
DA:14,0
DA:15,0
DA:17,0
DA:18,0
DA:21,0
DA:22,0
DA:23,0
DA:24,0
DA:25,0
DA:26,0
DA:28,0
DA:29,0
DA:31,0
DA:33,0
DA:37,0
DA:93,0
LF:24
LH:0
BRDA:31,0,0,0
BRDA:31,0,1,0
BRDA:43,1,0,0
BRDA:43,1,1,0
BRDA:79,2,0,0
BRDA:79,2,1,0
BRF:6
BRH:0
end_of_record
TN:
SF:src\pages\Notifications.tsx
FN:6,Notifications
FNF:1
FNH:0
FNDA:0,Notifications
DA:1,0
DA:2,0
DA:3,0
DA:4,0
DA:6,0
DA:9,0
LF:6
LH:0
BRF:0
BRH:0
end_of_record
TN:
SF:src\pages\Page.tsx
FN:5,Page
FNF:1
FNH:0
FNDA:0,Page
DA:1,0
DA:2,0
DA:3,0
DA:5,0
DA:6,0
LF:5
LH:0
BRF:0
BRH:0
end_of_record
TN:
SF:src\pages\Register.tsx
FN:5,(anonymous_0)
FN:19,(anonymous_1)
FN:23,(anonymous_2)
FNF:3
FNH:0
FNDA:0,(anonymous_0)
FNDA:0,(anonymous_1)
FNDA:0,(anonymous_2)
DA:1,0
DA:2,0
DA:3,0
DA:4,0
DA:5,0
DA:6,0
DA:7,0
DA:8,0
DA:16,0
DA:17,0
DA:19,0
DA:20,0
DA:23,0
DA:24,0
DA:25,0
DA:26,0
DA:27,0
DA:28,0
DA:30,0
DA:31,0
DA:33,0
DA:35,0
DA:39,0
DA:126,0
LF:24
LH:0
BRDA:33,0,0,0
BRDA:33,0,1,0
BRDA:45,1,0,0
BRDA:45,1,1,0
BRDA:112,2,0,0
BRDA:112,2,1,0
BRF:6
BRH:0
end_of_record
TN:
SF:src\pages\Venues\CreateVenue.tsx
FN:18,CreateVenue
FN:43,(anonymous_1)
FN:47,(anonymous_2)
FN:50,(anonymous_3)
FN:66,(anonymous_4)
FN:68,(anonymous_5)
FN:74,(anonymous_6)
FN:82,(anonymous_7)
FN:89,(anonymous_8)
FN:193,(anonymous_9)
FNF:10
FNH:10
FNDA:18,CreateVenue
FNDA:6,(anonymous_1)
FNDA:6,(anonymous_2)
FNDA:2,(anonymous_3)
FNDA:4,(anonymous_4)
FNDA:4,(anonymous_5)
FNDA:1,(anonymous_6)
FNDA:4,(anonymous_7)
FNDA:4,(anonymous_8)
FNDA:28,(anonymous_9)
DA:1,1
DA:2,1
DA:3,1
DA:5,1
DA:6,1
DA:7,1
DA:18,1
DA:19,18
DA:22,18
DA:27,18
DA:28,18
DA:31,18
DA:34,18
DA:40,18
DA:41,18
DA:43,18
DA:46,6
DA:47,6
DA:50,18
DA:51,2
DA:52,2
DA:53,2
DA:55,2
DA:56,2
DA:57,1
DA:59,1
DA:60,1
DA:62,2
DA:66,18
DA:67,4
DA:68,4
DA:74,18
DA:75,1
DA:76,1
DA:78,1
DA:81,1
DA:82,4
DA:89,4
DA:90,0
DA:91,0
DA:94,1
DA:96,1
DA:97,1
DA:99,1
DA:101,0
DA:102,0
DA:104,1
DA:108,18
DA:194,28
LF:49
LH:45
BRDA:70,0,0,0
BRDA:70,0,1,4
BRDA:78,1,0,0
BRDA:78,1,1,1
BRDA:89,2,0,0
BRDA:89,2,1,1
BRDA:89,3,0,4
BRDA:89,3,1,4
BRDA:171,4,0,18
BRDA:171,4,1,1
BRDA:181,5,0,2
BRDA:181,5,1,16
BRDA:186,6,0,18
BRDA:186,6,1,7
BRDA:208,7,0,7
BRDA:208,7,1,0
BRDA:217,8,0,1
BRDA:217,8,1,6
BRF:18
BRH:14
end_of_record
TN:
SF:src\pages\Venues\EditVenue.tsx
FN:8,EditVenue
FN:25,(anonymous_1)
FN:29,(anonymous_2)
FN:32,(anonymous_3)
FN:47,(anonymous_4)
FN:62,(anonymous_5)
FN:79,(anonymous_6)
FN:94,(anonymous_7)
FN:144,(anonymous_8)
FN:176,(anonymous_9)
FNF:10
FNH:7
FNDA:17,EditVenue
FNDA:5,(anonymous_1)
FNDA:4,(anonymous_2)
FNDA:2,(anonymous_3)
FNDA:1,(anonymous_4)
FNDA:0,(anonymous_5)
FNDA:0,(anonymous_6)
FNDA:51,(anonymous_7)
FNDA:68,(anonymous_8)
FNDA:0,(anonymous_9)
DA:1,1
DA:2,1
DA:3,1
DA:4,1
DA:8,1
DA:9,17
DA:10,17
DA:11,17
DA:12,17
DA:13,0
DA:16,17
DA:17,17
DA:18,17
DA:19,17
DA:20,17
DA:21,17
DA:22,17
DA:23,17
DA:25,17
DA:27,5
DA:29,17
DA:30,4
DA:32,17
DA:33,2
DA:34,2
DA:35,2
DA:36,2
DA:37,2
DA:38,2
DA:39,1
DA:41,1
DA:43,2
DA:47,17
DA:48,1
DA:49,1
DA:50,1
DA:51,1
DA:52,1
DA:53,1
DA:54,1
DA:56,0
DA:58,1
DA:62,17
DA:63,0
DA:64,0
DA:65,0
DA:66,0
DA:68,0
DA:72,17
DA:79,0
DA:95,51
DA:145,68
DA:176,0
LF:53
LH:44
BRDA:12,0,0,0
BRDA:12,0,1,17
BRDA:41,1,0,1
BRDA:41,1,1,0
BRDA:56,2,0,0
BRDA:56,2,1,0
BRDA:63,3,0,0
BRDA:63,3,1,0
BRDA:68,4,0,0
BRDA:68,4,1,0
BRDA:103,5,0,17
BRDA:103,5,1,34
BRDA:107,6,0,17
BRDA:107,6,1,8
BRDA:117,7,0,34
BRDA:117,7,1,6
BRDA:125,8,0,17
BRDA:125,8,1,7
BRDA:126,9,0,17
BRDA:126,9,1,1
BRDA:133,10,0,2
BRDA:133,10,1,15
BRDA:152,11,0,68
BRDA:152,11,1,50
BRDA:160,12,0,17
BRDA:160,12,1,1
BRDA:161,13,0,17
BRDA:161,13,1,0
BRDA:168,14,0,1
BRDA:168,14,1,16
BRF:30
BRH:21
end_of_record
TN:
SF:src\pages\Venues\VenueDetails.tsx
FN:8,VenueDetails
FN:16,(anonymous_1)
FN:19,(anonymous_2)
FN:26,(anonymous_3)
FN:30,(anonymous_4)
FN:87,(anonymous_5)
FN:108,(anonymous_6)
FNF:7
FNH:0
FNDA:0,VenueDetails
FNDA:0,(anonymous_1)
FNDA:0,(anonymous_2)
FNDA:0,(anonymous_3)
FNDA:0,(anonymous_4)
FNDA:0,(anonymous_5)
FNDA:0,(anonymous_6)
DA:1,0
DA:2,0
DA:3,0
DA:6,0
DA:8,0
DA:9,0
DA:10,0
DA:11,0
DA:12,0
DA:13,0
DA:14,0
DA:15,0
DA:17,0
DA:19,0
DA:20,0
DA:22,0
DA:27,0
DA:28,0
DA:30,0
DA:33,0
DA:34,0
DA:37,0
DA:38,0
DA:41,0
DA:88,0
DA:109,0
DA:110,0
LF:27
LH:0
BRDA:20,0,0,0
BRDA:20,0,1,0
BRDA:20,1,0,0
BRDA:20,1,1,0
BRDA:33,2,0,0
BRDA:33,2,1,0
BRDA:37,3,0,0
BRDA:37,3,1,0
BRF:8
BRH:0
end_of_record
TN:
SF:src\pages\Venues\Venues.tsx
FN:12,(anonymous_0)
FN:16,(anonymous_1)
FN:20,(anonymous_2)
FN:59,(anonymous_3)
FNF:4
FNH:0
FNDA:0,(anonymous_0)
FNDA:0,(anonymous_1)
FNDA:0,(anonymous_2)
FNDA:0,(anonymous_3)
DA:1,0
DA:2,0
DA:3,0
DA:4,0
DA:6,0
DA:7,0
DA:8,0
DA:10,0
DA:12,0
DA:13,0
DA:16,0
DA:17,0
DA:20,0
DA:21,0
DA:22,0
DA:23,0
DA:25,0
DA:29,0
DA:60,0
DA:74,0
LF:20
LH:0
BRF:0
BRH:0
end_of_record
TN:
SF:src\user\Bookings.tsx
FN:5,Bookings
FN:18,(anonymous_1)
FN:19,(anonymous_2)
FN:39,(anonymous_3)
FN:40,(anonymous_4)
FN:59,(anonymous_5)
FN:76,(anonymous_6)
FN:88,(anonymous_7)
FN:105,(anonymous_8)
FN:132,(anonymous_9)
FN:153,(anonymous_10)
FNF:11
FNH:0
FNDA:0,Bookings
FNDA:0,(anonymous_1)
FNDA:0,(anonymous_2)
FNDA:0,(anonymous_3)
FNDA:0,(anonymous_4)
FNDA:0,(anonymous_5)
FNDA:0,(anonymous_6)
FNDA:0,(anonymous_7)
FNDA:0,(anonymous_8)
FNDA:0,(anonymous_9)
FNDA:0,(anonymous_10)
DA:1,0
DA:2,0
DA:3,0
DA:5,0
DA:6,0
DA:7,0
DA:9,0
DA:10,0
DA:12,0
DA:13,0
DA:14,0
DA:16,0
DA:18,0
DA:19,0
DA:20,0
DA:21,0
DA:22,0
DA:23,0
DA:26,0
DA:28,0
DA:29,0
DA:30,0
DA:32,0
DA:36,0
DA:39,0
DA:40,0
DA:46,0
DA:59,0
DA:76,0
DA:89,0
DA:90,0
DA:91,0
DA:92,0
DA:93,0
DA:95,0
DA:96,0
DA:106,0
DA:107,0
DA:108,0
DA:132,0
DA:154,0
LF:41
LH:0
BRDA:10,0,0,0
BRDA:10,0,1,0
BRDA:16,1,0,0
BRDA:16,1,1,0
BRDA:24,2,0,0
BRDA:24,2,1,0
BRDA:24,3,0,0
BRDA:24,3,1,0
BRDA:29,4,0,0
BRDA:29,4,1,0
BRDA:30,5,0,0
BRDA:30,5,1,0
BRDA:42,6,0,0
BRDA:42,6,1,0
BRDA:90,7,0,0
BRDA:90,7,1,0
BRDA:95,8,0,0
BRDA:95,8,1,0
BRDA:95,9,0,0
BRDA:95,9,1,0
BRDA:117,10,0,0
BRDA:117,10,1,0
BRDA:119,11,0,0
BRDA:119,11,1,0
BRDA:119,11,2,0
BRDA:125,12,0,0
BRDA:125,12,1,0
BRDA:125,12,2,0
BRDA:125,12,3,0
BRDA:140,13,0,0
BRDA:140,13,1,0
BRDA:140,13,2,0
BRDA:140,13,3,0
BRF:33
BRH:0
end_of_record
TN:
SF:src\user\Cart.tsx
FN:14,formatMoney
FN:20,isUnauthorized
FN:30,Cart
FN:38,(anonymous_3)
FN:40,(anonymous_4)
FN:41,(anonymous_5)
FN:71,(anonymous_6)
FN:98,(anonymous_7)
FN:99,(anonymous_8)
FN:136,(anonymous_9)
FN:146,(anonymous_10)
FN:165,(anonymous_11)
FN:182,(anonymous_12)
FN:197,(anonymous_13)
FN:218,(anonymous_14)
FNF:15
FNH:0
FNDA:0,formatMoney
FNDA:0,isUnauthorized
FNDA:0,Cart
FNDA:0,(anonymous_3)
FNDA:0,(anonymous_4)
FNDA:0,(anonymous_5)
FNDA:0,(anonymous_6)
FNDA:0,(anonymous_7)
FNDA:0,(anonymous_8)
FNDA:0,(anonymous_9)
FNDA:0,(anonymous_10)
FNDA:0,(anonymous_11)
FNDA:0,(anonymous_12)
FNDA:0,(anonymous_13)
FNDA:0,(anonymous_14)
DA:1,0
DA:2,0
DA:3,0
DA:4,0
DA:15,0
DA:16,0
DA:21,0
DA:22,0
DA:30,0
DA:31,0
DA:33,0
DA:34,0
DA:35,0
DA:38,0
DA:40,0
DA:41,0
DA:42,0
DA:45,0
DA:46,0
DA:47,0
DA:48,0
DA:51,0
DA:52,0
DA:54,0
DA:57,0
DA:58,0
DA:59,0
DA:60,0
DA:64,0
DA:66,0
DA:71,0
DA:77,0
DA:78,0
DA:80,0
DA:83,0
DA:84,0
DA:85,0
DA:86,0
DA:89,0
DA:90,0
DA:91,0
DA:95,0
DA:98,0
DA:99,0
DA:102,0
DA:136,0
DA:146,0
DA:165,0
DA:182,0
DA:198,0
DA:218,0
LF:51
LH:0
BRDA:15,0,0,0
BRDA:15,0,1,0
BRDA:23,1,0,0
BRDA:23,1,1,0
BRDA:23,1,2,0
BRDA:23,1,3,0
BRDA:45,2,0,0
BRDA:45,2,1,0
BRDA:57,3,0,0
BRDA:57,3,1,0
BRDA:57,4,0,0
BRDA:57,4,1,0
BRDA:71,5,0,0
BRDA:71,5,1,0
BRDA:73,6,0,0
BRDA:73,6,1,0
BRDA:73,6,2,0
BRDA:78,7,0,0
BRDA:78,7,1,0
BRDA:83,8,0,0
BRDA:83,8,1,0
BRDA:99,9,0,0
BRDA:99,9,1,0
BRDA:122,10,0,0
BRDA:122,10,1,0
BRDA:127,11,0,0
BRDA:127,11,1,0
BRDA:160,12,0,0
BRDA:160,12,1,0
BRDA:177,13,0,0
BRDA:177,13,1,0
BRDA:180,14,0,0
BRDA:180,14,1,0
BRDA:194,15,0,0
BRDA:194,15,1,0
BRDA:194,15,2,0
BRF:36
BRH:0
end_of_record
TN:
SF:src\user\Checkout.tsx
FN:19,formatMoney
FN:24,getLatestStoredSelection
FN:26,(anonymous_2)
FN:47,Checkout
FN:50,(anonymous_4)
FN:53,(anonymous_5)
FN:54,(anonymous_6)
FN:58,(anonymous_7)
FN:59,(anonymous_8)
FN:70,(anonymous_9)
FN:88,(anonymous_10)
FN:104,(anonymous_11)
FN:138,(anonymous_12)
FN:160,(anonymous_13)
FN:180,(anonymous_14)
FN:193,(anonymous_15)
FN:208,(anonymous_16)
FN:221,(anonymous_17)
FN:235,(anonymous_18)
FN:253,(anonymous_19)
FN:277,(anonymous_20)
FNF:21
FNH:0
FNDA:0,formatMoney
FNDA:0,getLatestStoredSelection
FNDA:0,(anonymous_2)
FNDA:0,Checkout
FNDA:0,(anonymous_4)
FNDA:0,(anonymous_5)
FNDA:0,(anonymous_6)
FNDA:0,(anonymous_7)
FNDA:0,(anonymous_8)
FNDA:0,(anonymous_9)
FNDA:0,(anonymous_10)
FNDA:0,(anonymous_11)
FNDA:0,(anonymous_12)
FNDA:0,(anonymous_13)
FNDA:0,(anonymous_14)
FNDA:0,(anonymous_15)
FNDA:0,(anonymous_16)
FNDA:0,(anonymous_17)
FNDA:0,(anonymous_18)
FNDA:0,(anonymous_19)
FNDA:0,(anonymous_20)
DA:1,0
DA:2,0
DA:20,0
DA:21,0
DA:26,0
DA:27,0
DA:30,0
DA:32,0
DA:33,0
DA:34,0
DA:35,0
DA:36,0
DA:37,0
DA:44,0
DA:47,0
DA:48,0
DA:50,0
DA:51,0
DA:53,0
DA:54,0
DA:58,0
DA:59,0
DA:62,0
DA:63,0
DA:64,0
DA:65,0
DA:66,0
DA:67,0
DA:68,0
DA:70,0
DA:71,0
DA:73,0
DA:74,0
DA:75,0
DA:77,0
DA:79,0
DA:88,0
DA:89,0
DA:91,0
DA:92,0
DA:93,0
DA:96,0
DA:97,0
DA:104,0
DA:108,0
DA:110,0
DA:111,0
DA:113,0
DA:117,0
DA:138,0
DA:160,0
DA:180,0
DA:193,0
DA:208,0
DA:221,0
DA:235,0
DA:253,0
DA:278,0
LF:58
LH:0
BRDA:20,0,0,0
BRDA:20,0,1,0
BRDA:34,1,0,0
BRDA:34,1,1,0
BRDA:35,2,0,0
BRDA:35,2,1,0
BRDA:36,3,0,0
BRDA:36,3,1,0
BRDA:36,4,0,0
BRDA:36,4,1,0
BRDA:51,5,0,0
BRDA:51,5,1,0
BRDA:58,6,0,0
BRDA:58,6,1,0
BRDA:71,7,0,0
BRDA:71,7,1,0
BRDA:80,8,0,0
BRDA:80,8,1,0
BRDA:80,8,2,0
BRDA:80,8,3,0
BRDA:80,8,4,0
BRDA:80,8,5,0
BRDA:91,9,0,0
BRDA:91,9,1,0
BRDA:151,10,0,0
BRDA:151,10,1,0
BRDA:244,11,0,0
BRDA:244,11,1,0
BRDA:260,12,0,0
BRDA:260,12,1,0
BRDA:265,13,0,0
BRDA:265,13,1,0
BRDA:308,14,0,0
BRDA:308,14,1,0
BRF:34
BRH:0
end_of_record
TN:
SF:src\user\Profile.tsx
FN:10,(anonymous_0)
FN:33,(anonymous_1)
FN:35,(anonymous_2)
FN:50,(anonymous_3)
FN:83,(anonymous_4)
FN:94,(anonymous_5)
FN:98,(anonymous_6)
FN:134,(anonymous_7)
FN:279,(anonymous_8)
FN:292,(anonymous_9)
FN:296,(anonymous_10)
FN:299,(anonymous_11)
FNF:12
FNH:0
FNDA:0,(anonymous_0)
FNDA:0,(anonymous_1)
FNDA:0,(anonymous_2)
FNDA:0,(anonymous_3)
FNDA:0,(anonymous_4)
FNDA:0,(anonymous_5)
FNDA:0,(anonymous_6)
FNDA:0,(anonymous_7)
FNDA:0,(anonymous_8)
FNDA:0,(anonymous_9)
FNDA:0,(anonymous_10)
FNDA:0,(anonymous_11)
DA:1,0
DA:2,0
DA:3,0
DA:5,0
DA:6,0
DA:7,0
DA:8,0
DA:10,0
DA:11,0
DA:12,0
DA:15,0
DA:16,0
DA:17,0
DA:18,0
DA:23,0
DA:24,0
DA:30,0
DA:31,0
DA:33,0
DA:34,0
DA:35,0
DA:36,0
DA:37,0
DA:43,0
DA:50,0
DA:51,0
DA:52,0
DA:55,0
DA:56,0
DA:57,0
DA:58,0
DA:59,0
DA:60,0
DA:65,0
DA:74,0
DA:75,0
DA:76,0
DA:78,0
DA:79,0
DA:83,0
DA:84,0
DA:87,0
DA:88,0
DA:91,0
DA:94,0
DA:95,0
DA:98,0
DA:100,0
DA:101,0
DA:102,0
DA:105,0
DA:106,0
DA:107,0
DA:110,0
DA:111,0
DA:112,0
DA:115,0
DA:117,0
DA:120,0
DA:121,0
DA:124,0
DA:126,0
DA:128,0
DA:134,0
DA:135,0
DA:139,0
DA:140,0
DA:141,0
DA:142,0
DA:145,0
DA:148,0
DA:150,0
DA:151,0
DA:156,0
DA:279,0
DA:292,0
DA:296,0
DA:299,0
DA:325,0
LF:79
LH:0
BRDA:34,0,0,0
BRDA:34,0,1,0
BRDA:40,1,0,0
BRDA:40,1,1,0
BRDA:55,2,0,0
BRDA:55,2,1,0
BRDA:87,3,0,0
BRDA:87,3,1,0
BRDA:88,4,0,0
BRDA:88,4,1,0
BRDA:91,5,0,0
BRDA:91,5,1,0
BRDA:91,6,0,0
BRDA:91,6,1,0
BRDA:100,7,0,0
BRDA:100,7,1,0
BRDA:100,8,0,0
BRDA:100,8,1,0
BRDA:105,9,0,0
BRDA:105,9,1,0
BRDA:110,10,0,0
BRDA:110,10,1,0
BRDA:128,11,0,0
BRDA:128,11,1,0
BRDA:139,12,0,0
BRDA:139,12,1,0
BRDA:151,13,0,0
BRDA:151,13,1,0
BRDA:175,14,0,0
BRDA:175,14,1,0
BRDA:194,15,0,0
BRDA:194,15,1,0
BRDA:209,16,0,0
BRDA:209,16,1,0
BRDA:224,17,0,0
BRDA:224,17,1,0
BRDA:239,18,0,0
BRDA:239,18,1,0
BRDA:247,19,0,0
BRDA:247,19,1,0
BRDA:252,20,0,0
BRDA:252,20,1,0
BRDA:286,21,0,0
BRDA:286,21,1,0
BRDA:289,22,0,0
BRDA:289,22,1,0
BRF:46
BRH:0
end_of_record
TN:
SF:src\user\Ticket.tsx
FN:27,(anonymous_0)
FN:30,normalizeSeatSections
FN:34,(anonymous_2)
FN:38,(anonymous_3)
FN:49,(anonymous_4)
FN:55,Ticket
FN:73,(anonymous_6)
FN:74,(anonymous_7)
FN:126,(anonymous_8)
FN:145,(anonymous_9)
FN:146,(anonymous_10)
FN:149,(anonymous_11)
FN:150,(anonymous_12)
FN:163,(anonymous_13)
FN:166,(anonymous_14)
FN:172,(anonymous_15)
FN:176,(anonymous_16)
FN:181,(anonymous_17)
FN:221,(anonymous_18)
FN:245,(anonymous_19)
FN:261,(anonymous_20)
FN:294,(anonymous_21)
FNF:22
FNH:0
FNDA:0,(anonymous_0)
FNDA:0,normalizeSeatSections
FNDA:0,(anonymous_2)
FNDA:0,(anonymous_3)
FNDA:0,(anonymous_4)
FNDA:0,Ticket
FNDA:0,(anonymous_6)
FNDA:0,(anonymous_7)
FNDA:0,(anonymous_8)
FNDA:0,(anonymous_9)
FNDA:0,(anonymous_10)
FNDA:0,(anonymous_11)
FNDA:0,(anonymous_12)
FNDA:0,(anonymous_13)
FNDA:0,(anonymous_14)
FNDA:0,(anonymous_15)
FNDA:0,(anonymous_16)
FNDA:0,(anonymous_17)
FNDA:0,(anonymous_18)
FNDA:0,(anonymous_19)
FNDA:0,(anonymous_20)
FNDA:0,(anonymous_21)
DA:1,0
DA:2,0
DA:3,0
DA:27,0
DA:31,0
DA:33,0
DA:35,0
DA:37,0
DA:38,0
DA:41,0
DA:50,0
DA:55,0
DA:56,0
DA:57,0
DA:59,0
DA:61,0
DA:62,0
DA:69,0
DA:70,0
DA:73,0
DA:74,0
DA:75,0
DA:77,0
DA:78,0
DA:79,0
DA:80,0
DA:83,0
DA:84,0
DA:86,0
DA:87,0
DA:88,0
DA:91,0
DA:92,0
DA:93,0
DA:94,0
DA:96,0
DA:103,0
DA:104,0
DA:107,0
DA:113,0
DA:114,0
DA:115,0
DA:118,0
DA:122,0
DA:126,0
DA:127,0
DA:129,0
DA:130,0
DA:132,0
DA:133,0
DA:134,0
DA:137,0
DA:138,0
DA:142,0
DA:145,0
DA:146,0
DA:149,0
DA:150,0
DA:151,0
DA:152,0
DA:157,0
DA:163,0
DA:164,0
DA:166,0
DA:172,0
DA:173,0
DA:175,0
DA:176,0
DA:181,0
DA:183,0
DA:190,0
DA:192,0
DA:195,0
DA:221,0
DA:246,0
DA:247,0
DA:249,0
DA:261,0
DA:294,0
LF:79
LH:0
BRDA:33,0,0,0
BRDA:33,0,1,0
BRDA:35,1,0,0
BRDA:35,1,1,0
BRDA:42,2,0,0
BRDA:42,2,1,0
BRDA:77,3,0,0
BRDA:77,3,1,0
BRDA:77,4,0,0
BRDA:77,4,1,0
BRDA:92,5,0,0
BRDA:92,5,1,0
BRDA:115,6,0,0
BRDA:115,6,1,0
BRDA:130,7,0,0
BRDA:130,7,1,0
BRDA:132,8,0,0
BRDA:132,8,1,0
BRDA:132,9,0,0
BRDA:132,9,1,0
BRDA:137,10,0,0
BRDA:137,10,1,0
BRDA:146,11,0,0
BRDA:146,11,1,0
BRDA:151,12,0,0
BRDA:151,12,1,0
BRDA:157,13,0,0
BRDA:157,13,1,0
BRDA:157,13,2,0
BRDA:157,13,3,0
BRDA:157,13,4,0
BRDA:164,14,0,0
BRDA:164,14,1,0
BRDA:168,15,0,0
BRDA:168,15,1,0
BRDA:173,16,0,0
BRDA:173,16,1,0
BRDA:178,17,0,0
BRDA:178,17,1,0
BRDA:213,18,0,0
BRDA:213,18,1,0
BRDA:215,19,0,0
BRDA:215,19,1,0
BRDA:215,19,2,0
BRDA:228,20,0,0
BRDA:228,20,1,0
BRDA:228,20,2,0
BRDA:230,21,0,0
BRDA:230,21,1,0
BRDA:246,22,0,0
BRDA:246,22,1,0
BRDA:265,23,0,0
BRDA:265,23,1,0
BRDA:286,24,0,0
BRDA:286,24,1,0
BRF:55
BRH:0
end_of_record
TN:
SF:src\user\UserRoutes.tsx
FN:6,UserRoutes
FNF:1
FNH:0
FNDA:0,UserRoutes
DA:1,0
DA:2,0
DA:3,0
DA:4,0
DA:6,0
DA:7,0
LF:6
LH:0
BRF:0
BRH:0
end_of_record
